SF:/app/s2geometry_dart/test/face_uv_test.dart
DA:4,1
DA:5,2
DA:7,2
DA:8,4
DA:9,4
DA:10,4
DA:14,2
DA:15,2
DA:16,4
DA:17,5
DA:18,6
DA:22,2
DA:23,2
DA:24,2
DA:25,2
DA:26,5
DA:27,5
DA:31,2
DA:32,2
DA:33,5
DA:34,2
DA:35,5
DA:36,5
DA:40,2
DA:41,2
DA:42,4
DA:43,5
DA:44,6
LF:28
LH:28
end_of_record
SF:/app/s2geometry_dart/lib/src/face_uv.dart
DA:23,2
DA:24,14
DA:26,6
DA:27,3
DA:33,6
DA:60,2
DA:63,8
DA:64,9
DA:65,10
DA:66,2
DA:67,9
DA:68,9
DA:69,0
DA:72,2
DA:89,2
DA:90,2
DA:92,4
DA:93,2
DA:96,2
DA:97,2
DA:117,2
DA:118,2
DA:119,2
DA:122,3
DA:123,6
DA:124,5
DA:125,1
DA:126,3
DA:127,0
DA:128,0
LF:30
LH:27
end_of_record
SF:/root/.pub-cache/hosted/pub.dev/test_core-0.6.5/lib/src/bootstrap/vm.dart
DA:17,6
DA:19,12
DA:20,6
DA:21,12
DA:22,18
DA:24,12
DA:25,0
DA:26,0
DA:27,0
DA:33,0
DA:35,0
DA:36,0
DA:37,0
DA:39,0
DA:40,0
DA:41,0
DA:42,0
DA:43,0
DA:45,0
DA:46,0
DA:47,0
DA:48,0
LF:22
LH:6
end_of_record
SF:/root/.pub-cache/hosted/pub.dev/fixnum-1.1.0/lib/src/int32.dart
DA:49,0
DA:50,0
DA:67,0
DA:68,0
DA:71,0
DA:74,0
DA:78,0
DA:80,0
DA:83,0
DA:84,0
DA:85,0
DA:86,0
DA:90,0
DA:93,0
DA:96,0
DA:97,0
DA:114,0
DA:130,0
DA:146,0
DA:162,0
DA:167,6
DA:171,0
DA:175,0
DA:176,0
DA:177,0
DA:178,0
DA:181,0
DA:198,0
DA:200,0
DA:201,0
DA:203,0
DA:206,0
DA:208,0
DA:209,0
DA:211,0
DA:214,0
DA:215,0
DA:217,0
DA:219,0
DA:220,0
DA:223,0
DA:226,0
DA:228,0
DA:230,0
DA:232,0
DA:235,0
DA:237,0
DA:238,0
DA:240,0
DA:243,0
DA:245,0
DA:246,0
DA:247,0
DA:249,0
DA:252,0
DA:254,0
DA:255,0
DA:257,0
DA:260,0
DA:262,0
DA:263,0
DA:265,0
DA:268,0
DA:270,0
DA:271,0
DA:273,0
DA:276,0
DA:277,0
DA:279,0
DA:281,0
DA:282,0
DA:284,0
DA:287,0
DA:290,0
DA:292,0
DA:293,0
DA:295,0
DA:296,0
DA:299,0
DA:300,0
DA:302,0
DA:304,0
DA:307,0
DA:309,0
DA:310,0
DA:312,0
DA:316,0
DA:317,0
DA:319,0
DA:321,0
DA:326,0
DA:328,0
DA:329,0
DA:330,0
DA:331,0
DA:332,0
DA:333,0
DA:338,0
DA:340,0
DA:341,0
DA:343,0
DA:346,0
DA:348,0
DA:349,0
DA:351,0
DA:354,0
DA:356,0
DA:357,0
DA:359,0
DA:362,0
DA:364,0
DA:365,0
DA:367,0
DA:370,0
DA:372,0
DA:373,0
DA:375,0
DA:378,0
DA:379,0
DA:381,0
DA:382,0
DA:384,0
DA:385,0
DA:387,0
DA:388,0
DA:390,0
DA:391,0
DA:393,0
DA:394,0
DA:396,0
DA:397,0
DA:399,0
DA:400,0
DA:402,0
DA:403,0
DA:405,0
DA:407,0
DA:408,0
DA:409,0
DA:410,0
DA:411,0
DA:412,0
DA:413,0
DA:414,0
DA:419,0
DA:420,0
DA:422,0
DA:423,0
DA:425,0
DA:427,0
DA:428,0
DA:431,0
DA:433,0
DA:434,0
DA:437,0
DA:439,0
DA:440,0
DA:441,0
DA:442,0
DA:443,0
DA:447,0
DA:448,0
DA:450,0
DA:451,0
DA:453,0
DA:456,0
DA:457,0
DA:459,0
DA:460,0
DA:462,0
DA:463,0
DA:465,0
DA:466,0
LF:173
LH:1
end_of_record
SF:/root/.pub-cache/hosted/pub.dev/fixnum-1.1.0/lib/src/int64.dart
DA:60,7
DA:77,0
DA:78,0
DA:95,0
DA:96,0
DA:98,1
DA:101,1
DA:103,0
DA:106,2
DA:108,0
DA:112,3
DA:113,1
DA:114,1
DA:115,1
DA:118,2
DA:119,1
DA:120,1
DA:122,2
DA:123,1
DA:124,1
DA:126,2
DA:127,1
DA:130,0
DA:134,0
DA:136,1
DA:153,2
DA:169,0
DA:185,0
DA:201,0
DA:208,1
DA:211,1
DA:213,0
DA:217,1
DA:218,2
DA:219,1
DA:220,2
DA:224,0
DA:225,1
DA:228,0
DA:230,0
DA:232,0
DA:233,0
DA:234,0
DA:235,0
DA:236,0
DA:237,0
DA:238,0
DA:240,0
DA:243,0
DA:244,0
DA:246,0
DA:247,0
DA:248,0
DA:249,0
DA:250,0
DA:251,0
DA:252,0
DA:254,0
DA:259,0
DA:260,0
DA:261,0
DA:262,0
DA:263,0
DA:264,0
DA:265,0
DA:270,0
DA:271,0
DA:273,0
DA:274,0
DA:275,0
DA:276,0
DA:278,0
DA:281,0
DA:283,0
DA:284,0
DA:285,0
DA:286,0
DA:287,0
DA:290,0
DA:292,0
DA:293,0
DA:296,0
DA:297,0
DA:299,0
DA:301,0
DA:304,0
DA:305,0
DA:306,0
DA:307,0
DA:308,0
DA:310,0
DA:311,0
DA:312,0
DA:313,0
DA:314,0
DA:318,0
DA:319,0
DA:320,0
DA:321,0
DA:322,0
DA:324,0
DA:325,0
DA:326,0
DA:327,0
DA:328,0
DA:330,0
DA:331,0
DA:332,0
DA:333,0
DA:335,0
DA:336,0
DA:337,0
DA:339,0
DA:340,0
DA:359,0
DA:360,0
DA:361,0
DA:363,0
DA:364,0
DA:365,0
DA:366,0
DA:367,0
DA:369,0
DA:370,0
DA:371,0
DA:372,0
DA:375,0
DA:376,0
DA:378,0
DA:381,0
DA:382,0
DA:384,0
DA:385,0
DA:387,0
DA:388,0
DA:390,0
DA:392,0
DA:393,0
DA:394,0
DA:395,0
DA:396,0
DA:399,0
DA:401,0
DA:402,0
DA:403,0
DA:404,0
DA:405,0
DA:408,0
DA:410,0
DA:411,0
DA:412,0
DA:413,0
DA:414,0
DA:417,0
DA:418,0
DA:420,0
DA:422,0
DA:423,0
DA:425,0
DA:430,0
DA:431,0
DA:432,0
DA:433,0
DA:434,0
DA:436,0
DA:437,0
DA:441,0
DA:444,0
DA:447,0
DA:449,0
DA:450,0
DA:452,0
DA:453,0
DA:459,0
DA:460,0
DA:461,0
DA:464,0
DA:467,0
DA:468,0
DA:470,0
DA:472,0
DA:473,0
DA:474,0
DA:476,0
DA:478,0
DA:480,0
DA:484,0
DA:486,0
DA:490,0
DA:493,0
DA:495,0
DA:496,0
DA:498,0
DA:503,0
DA:504,0
DA:505,0
DA:506,0
DA:507,0
DA:508,0
DA:510,0
DA:511,0
DA:515,0
DA:518,0
DA:523,0
DA:526,0
DA:528,0
DA:529,0
DA:532,0
DA:533,0
DA:534,0
DA:535,0
DA:538,0
DA:543,0
DA:544,0
DA:546,0
DA:547,0
DA:548,0
DA:549,0
DA:550,0
DA:551,0
DA:553,0
DA:555,0
DA:556,0
DA:558,0
DA:560,0
DA:561,0
DA:563,0
DA:565,0
DA:566,0
DA:571,0
DA:572,0
DA:574,0
DA:575,0
DA:577,0
DA:578,0
DA:580,0
DA:581,0
DA:583,0
DA:584,0
DA:586,0
DA:587,0
DA:589,0
DA:590,0
DA:592,0
DA:593,0
DA:595,0
DA:596,0
DA:598,0
DA:599,0
DA:601,0
DA:603,0
DA:604,0
DA:605,0
DA:606,0
DA:607,0
DA:608,0
DA:610,0
DA:611,0
DA:612,0
DA:616,0
DA:620,0
DA:621,0
DA:622,0
DA:625,0
DA:626,0
DA:628,0
DA:630,0
DA:631,0
DA:632,0
DA:633,0
DA:639,0
DA:641,0
DA:642,0
DA:643,0
DA:644,0
DA:645,0
DA:647,0
DA:650,0
DA:656,0
DA:658,0
DA:659,0
DA:663,0
DA:664,0
DA:665,0
DA:668,0
DA:669,0
DA:670,0
DA:676,0
DA:678,0
DA:679,0
DA:680,0
DA:681,0
DA:682,0
DA:683,0
DA:684,0
DA:685,0
DA:687,0
DA:688,0
DA:689,0
DA:690,0
DA:694,0
DA:696,0
DA:697,0
DA:698,0
DA:699,0
DA:700,0
DA:701,0
DA:702,0
DA:704,0
DA:705,0
DA:709,0
DA:711,0
DA:712,0
DA:713,0
DA:714,0
DA:715,0
DA:716,0
DA:717,0
DA:718,0
DA:719,0
DA:723,0
DA:724,0
DA:726,0
DA:728,0
DA:729,0
DA:730,0
DA:733,0
DA:734,0
DA:735,0
DA:736,0
DA:737,0
DA:739,0
DA:744,0
DA:745,0
DA:748,0
DA:752,0
DA:753,0
DA:755,0
DA:757,0
DA:760,0
DA:761,0
DA:762,0
DA:763,0
DA:769,0
DA:770,0
DA:772,0
DA:774,0
DA:776,1
DA:777,2
DA:779,1
DA:780,1
DA:781,1
DA:782,1
DA:785,2
DA:789,0
DA:790,0
DA:791,0
DA:792,0
DA:793,0
DA:794,0
DA:795,0
DA:796,0
DA:800,1
DA:803,1
DA:805,1
DA:823,3
DA:824,2
DA:825,4
DA:826,2
DA:827,1
DA:829,1
DA:841,2
DA:842,0
DA:843,0
DA:845,0
DA:847,0
DA:848,0
DA:850,0
DA:852,0
DA:853,0
DA:855,0
DA:857,0
DA:858,0
DA:860,0
DA:862,0
DA:863,0
DA:866,0
DA:872,0
DA:874,4
DA:875,2
DA:876,1
DA:940,0
DA:942,1
DA:943,4
DA:945,0
DA:946,0
DA:947,0
DA:948,0
DA:949,0
DA:952,0
DA:954,0
DA:957,0
DA:958,0
DA:959,0
DA:961,0
DA:962,0
DA:963,0
DA:971,0
DA:972,0
DA:973,0
DA:974,0
DA:976,0
DA:978,0
DA:979,0
DA:980,0
DA:981,0
DA:983,0
DA:984,0
DA:985,0
DA:987,0
DA:988,0
DA:989,0
DA:990,0
DA:997,0
DA:1011,0
DA:1017,0
DA:1018,0
DA:1019,0
DA:1020,0
DA:1021,0
DA:1022,0
DA:1023,0
DA:1024,0
DA:1042,0
DA:1043,0
DA:1045,0
DA:1048,0
DA:1049,0
DA:1050,0
DA:1051,0
DA:1052,0
DA:1053,0
DA:1054,0
DA:1056,0
DA:1057,0
DA:1061,0
DA:1062,0
DA:1063,0
DA:1064,0
DA:1065,0
DA:1066,0
DA:1067,0
DA:1068,0
DA:1071,0
DA:1072,0
DA:1073,0
DA:1074,0
DA:1075,0
DA:1076,0
DA:1080,0
DA:1081,0
DA:1082,0
DA:1084,0
DA:1086,0
DA:1087,0
DA:1088,0
DA:1089,0
DA:1090,0
DA:1091,0
DA:1094,0
DA:1095,0
DA:1096,0
DA:1097,0
DA:1098,0
DA:1099,0
DA:1104,0
DA:1105,0
DA:1106,0
DA:1108,0
DA:1109,0
DA:1110,0
DA:1111,0
DA:1115,0
DA:1118,0
DA:1119,0
DA:1122,0
DA:1125,0
LF:487
LH:47
end_of_record
SF:/root/.pub-cache/hosted/pub.dev/fixnum-1.1.0/lib/src/utilities.dart
DA:7,1
DA:8,1
DA:17,1
DA:22,1
DA:23,1
DA:24,0
DA:25,0
DA:29,0
DA:36,0
DA:37,0
DA:38,0
DA:39,0
DA:40,0
DA:41,0
DA:42,0
DA:45,0
DA:48,0
DA:66,0
DA:67,0
DA:68,0
DA:69,0
DA:70,0
DA:71,0
LF:23
LH:5
end_of_record
SF:/root/.pub-cache/hosted/pub.dev/test_core-0.6.5/lib/src/scaffolding.dart
DA:38,6
DA:39,6
DA:47,0
DA:49,0
DA:50,0
DA:52,0
DA:54,0
DA:55,0
DA:56,0
DA:57,0
DA:59,0
DA:60,0
DA:61,0
DA:62,0
DA:65,0
DA:66,0
DA:67,0
DA:68,0
DA:69,0
DA:70,0
DA:135,6
DA:145,18
DA:214,6
DA:224,18
DA:251,0
DA:266,0
DA:281,0
DA:294,0
DA:295,0
LF:29
LH:6
end_of_record
SF:/root/.pub-cache/hosted/pub.dev/stream_channel-2.1.2/lib/stream_channel.dart
DA:73,0
DA:74,0
DA:86,6
DA:88,6
DA:99,0
DA:101,0
DA:146,0
DA:152,6
DA:154,18
DA:155,18
DA:158,0
DA:160,0
DA:162,0
DA:164,0
DA:166,0
DA:168,0
DA:170,0
DA:172,0
DA:174,0
DA:176,0
DA:178,0
DA:179,0
DA:180,0
LF:23
LH:5
end_of_record
SF:/root/.pub-cache/hosted/pub.dev/test_core-0.6.5/lib/src/runner/plugin/remote_platform_helpers.dart
DA:27,6
DA:32,6
DA:43,0
DA:44,0
DA:46,0
DA:50,0
LF:6
LH:2
end_of_record
SF:/root/.pub-cache/hosted/pub.dev/test_core-0.6.5/lib/src/runner/plugin/shared_platform_helpers.dart
DA:14,0
DA:15,0
DA:16,0
DA:17,0
DA:18,0
DA:19,0
DA:20,0
DA:21,0
LF:8
LH:0
end_of_record
SF:/root/.pub-cache/hosted/pub.dev/test_core-0.6.5/lib/src/runner/compiler_selection.dart
DA:22,0
DA:24,0
DA:26,0
DA:27,0
DA:28,0
DA:29,0
DA:30,0
DA:31,0
DA:33,0
DA:34,0
DA:35,0
DA:36,0
DA:37,0
DA:40,0
DA:48,0
DA:50,0
DA:52,0
DA:53,0
DA:56,0
DA:57,0
DA:58,0
DA:59,0
LF:22
LH:0
end_of_record
SF:/root/.pub-cache/hosted/pub.dev/test_core-0.6.5/lib/src/runner/coverage.dart
DA:13,0
DA:15,0
DA:16,0
DA:17,0
DA:18,0
DA:19,0
DA:20,0
DA:21,0
DA:22,0
DA:23,0
LF:10
LH:0
end_of_record
SF:/root/.pub-cache/hosted/pub.dev/path-1.9.0/lib/path.dart
DA:42,0
DA:45,0
DA:51,0
DA:58,0
DA:63,0
DA:68,0
DA:75,0
DA:76,0
DA:83,0
DA:86,0
DA:87,0
DA:89,0
DA:92,0
DA:93,0
DA:94,0
DA:112,0
DA:121,0
DA:136,0
DA:147,0
DA:157,0
DA:158,0
DA:179,0
DA:204,0
DA:205,0
DA:223,0
DA:237,0
DA:243,0
DA:253,0
DA:268,0
DA:284,0
DA:302,0
DA:326,0
DA:340,0
DA:350,0
DA:378,0
DA:379,0
DA:386,0
DA:393,0
DA:400,0
DA:405,0
DA:416,0
DA:417,0
DA:437,0
DA:459,0
DA:481,0
LF:45
LH:0
end_of_record
SF:/root/.pub-cache/hosted/pub.dev/test_core-0.6.5/lib/src/runner/live_suite_controller.dart
DA:20,0
DA:21,0
DA:23,0
DA:24,0
DA:26,0
DA:27,0
DA:29,0
DA:30,0
DA:32,0
DA:34,0
DA:36,0
DA:37,0
DA:39,0
DA:40,0
DA:42,0
DA:43,0
DA:45,0
DA:46,0
DA:48,0
DA:98,0
DA:107,0
DA:108,0
DA:109,0
DA:112,0
DA:113,0
DA:115,0
DA:117,0
DA:118,0
DA:119,0
DA:121,0
DA:122,0
DA:123,0
DA:124,0
DA:125,0
DA:127,0
DA:129,0
DA:133,0
DA:135,0
DA:140,0
DA:141,0
DA:142,0
DA:146,0
DA:148,0
DA:150,0
LF:44
LH:0
end_of_record
SF:/root/.pub-cache/hosted/pub.dev/test_core-0.6.5/lib/src/runner/engine.dart
DA:86,0
DA:87,0
DA:94,0
DA:95,0
DA:96,0
DA:97,0
DA:98,0
DA:99,0
DA:115,0
DA:122,0
DA:132,0
DA:140,0
DA:153,0
DA:154,0
DA:160,0
DA:164,0
DA:168,0
DA:172,0
DA:176,0
DA:180,0
DA:181,0
DA:191,0
DA:195,0
DA:211,0
DA:216,0
DA:219,0
DA:220,0
DA:221,0
DA:222,0
DA:223,0
DA:235,0
DA:237,0
DA:242,0
DA:243,0
DA:245,0
DA:256,0
DA:257,0
DA:258,0
DA:260,0
DA:262,0
DA:264,0
DA:265,0
DA:266,0
DA:268,0
DA:269,0
DA:272,0
DA:273,0
DA:274,0
DA:277,0
DA:280,0
DA:282,0
DA:283,0
DA:284,0
DA:285,0
DA:287,0
DA:289,0
DA:291,0
DA:292,0
DA:293,0
DA:294,0
DA:295,0
DA:297,0
DA:299,0
DA:308,0
DA:310,0
DA:312,0
DA:313,0
DA:315,0
DA:316,0
DA:317,0
DA:318,0
DA:319,0
DA:322,0
DA:324,0
DA:325,0
DA:326,0
DA:327,0
DA:328,0
DA:331,0
DA:332,0
DA:334,0
DA:335,0
DA:336,0
DA:337,0
DA:340,0
DA:341,0
DA:348,0
DA:349,0
DA:350,0
DA:351,0
DA:352,0
DA:355,0
DA:363,0
DA:365,0
DA:366,0
DA:368,0
DA:370,0
DA:371,0
DA:372,0
DA:374,0
DA:375,0
DA:377,0
DA:379,0
DA:383,0
DA:387,0
DA:389,0
DA:390,0
DA:391,0
DA:395,0
DA:397,0
DA:404,0
DA:406,0
DA:407,0
DA:411,0
DA:412,0
DA:413,0
DA:415,0
DA:417,0
DA:420,0
DA:421,0
DA:422,0
DA:424,0
DA:431,0
DA:432,0
DA:433,0
DA:436,0
DA:437,0
DA:438,0
DA:441,0
DA:442,0
DA:443,0
DA:449,0
DA:450,0
DA:451,0
DA:453,0
DA:454,0
DA:456,0
DA:458,0
DA:459,0
DA:460,0
DA:462,0
DA:463,0
DA:465,0
DA:467,0
DA:468,0
DA:472,0
DA:474,0
DA:477,0
DA:478,0
DA:483,0
DA:484,0
DA:492,0
DA:493,0
DA:495,0
DA:496,0
DA:497,0
DA:498,0
DA:508,0
DA:509,0
DA:510,0
DA:511,0
DA:512,0
DA:516,0
DA:517,0
DA:518,0
DA:519,0
DA:520,0
DA:521,0
DA:535,0
DA:536,0
DA:537,0
DA:538,0
DA:539,0
DA:543,0
DA:544,0
DA:550,0
DA:551,0
LF:177
LH:0
end_of_record
SF:/root/.pub-cache/hosted/pub.dev/pool-1.5.1/lib/pool.dart
DA:66,0
DA:73,0
DA:81,0
DA:82,0
DA:83,0
DA:90,0
DA:98,0
DA:99,0
DA:100,0
DA:103,0
DA:104,0
DA:105,0
DA:106,0
DA:107,0
DA:109,0
DA:110,0
DA:111,0
DA:112,0
DA:120,0
DA:121,0
DA:122,0
DA:125,0
DA:127,0
DA:129,0
DA:153,0
DA:156,0
DA:165,0
DA:166,0
DA:169,0
DA:171,0
DA:174,0
DA:183,0
DA:185,0
DA:186,0
DA:190,0
DA:196,0
DA:197,0
DA:199,0
DA:200,0
DA:201,0
DA:202,0
DA:203,0
DA:204,0
DA:206,0
DA:209,0
DA:212,0
DA:213,0
DA:217,0
DA:218,0
DA:219,0
DA:221,0
DA:222,0
DA:223,0
DA:228,0
DA:242,0
DA:243,0
DA:245,0
DA:247,0
DA:248,0
DA:249,0
DA:252,0
DA:253,0
DA:255,0
DA:256,0
DA:261,0
DA:262,0
DA:264,0
DA:265,0
DA:266,0
DA:268,0
DA:269,0
DA:275,0
DA:276,0
DA:278,0
DA:279,0
DA:280,0
DA:281,0
DA:282,0
DA:283,0
DA:284,0
DA:286,0
DA:287,0
DA:288,0
DA:297,0
DA:298,0
DA:299,0
DA:300,0
DA:301,0
DA:304,0
DA:305,0
DA:306,0
DA:310,0
DA:311,0
DA:313,0
DA:314,0
DA:316,0
DA:322,0
DA:323,0
DA:324,0
DA:325,0
DA:328,0
DA:329,0
DA:331,0
DA:332,0
DA:346,0
DA:350,0
DA:351,0
DA:352,0
DA:354,0
DA:355,0
DA:370,0
DA:371,0
DA:372,0
DA:374,0
DA:375,0
LF:115
LH:0
end_of_record
SF:/root/.pub-cache/hosted/pub.dev/test_api-0.7.3/lib/src/backend/group.dart
DA:29,0
DA:30,0
DA:43,0
DA:44,0
DA:45,0
DA:46,0
DA:47,0
DA:52,6
DA:54,6
DA:55,0
DA:57,6
DA:59,18
DA:60,12
DA:61,18
DA:62,6
DA:63,12
DA:65,6
DA:66,6
DA:67,6
DA:70,0
DA:72,0
DA:73,0
DA:74,0
DA:75,0
DA:76,0
DA:77,0
DA:78,0
DA:84,6
DA:85,6
DA:86,18
DA:87,6
DA:88,6
LF:32
LH:16
end_of_record
SF:/root/.pub-cache/hosted/pub.dev/test_api-0.7.3/lib/src/backend/invoker.dart
DA:49,6
DA:53,6
DA:57,6
DA:59,12
DA:60,6
DA:63,6
DA:65,18
DA:66,36
DA:67,12
DA:80,12
DA:96,0
DA:110,0
DA:113,0
DA:117,18
DA:120,0
DA:121,0
DA:123,0
DA:146,6
DA:148,12
DA:153,6
DA:154,12
DA:158,0
DA:159,0
DA:161,0
DA:163,0
DA:178,6
DA:181,12
DA:182,18
DA:190,0
DA:191,0
DA:193,0
DA:194,0
DA:196,0
DA:210,0
DA:211,0
DA:212,0
DA:217,0
DA:218,0
DA:219,0
DA:228,6
DA:229,6
DA:230,12
DA:231,6
DA:232,0
DA:234,0
DA:235,0
DA:236,0
DA:237,0
DA:239,0
DA:241,12
DA:249,6
DA:250,6
DA:253,6
DA:254,12
DA:255,6
DA:256,12
DA:258,6
DA:260,6
DA:262,12
DA:264,18
DA:265,12
DA:273,6
DA:274,12
DA:275,18
DA:276,24
DA:279,30
DA:281,0
DA:282,0
DA:283,0
DA:284,0
DA:289,12
DA:290,0
DA:291,0
DA:292,0
DA:303,0
DA:304,0
DA:307,0
DA:313,0
DA:315,0
DA:319,0
DA:320,0
DA:321,0
DA:322,0
DA:324,0
DA:331,0
DA:333,0
DA:336,0
DA:338,0
DA:340,0
DA:345,0
DA:347,0
DA:348,0
DA:349,0
DA:350,0
DA:353,0
DA:355,0
DA:356,0
DA:357,0
DA:366,0
DA:368,0
DA:377,6
DA:378,12
DA:380,12
DA:381,12
DA:382,12
DA:383,12
DA:392,12
DA:394,18
DA:395,24
DA:397,18
DA:399,24
DA:400,0
DA:401,0
DA:402,0
DA:406,36
DA:408,18
DA:410,6
DA:412,6
DA:413,6
DA:416,6
DA:418,24
DA:422,6
DA:423,6
DA:424,0
DA:426,6
DA:431,0
DA:440,18
DA:443,0
DA:444,0
DA:447,6
DA:448,12
DA:449,12
DA:450,12
DA:451,12
DA:457,0
DA:458,0
DA:463,0
LF:137
LH:67
end_of_record
SF:/root/.pub-cache/hosted/pub.dev/test_api-0.7.3/lib/src/backend/live_test.dart
DA:61,24
DA:105,0
DA:106,0
DA:107,0
DA:108,0
DA:112,0
DA:114,0
DA:118,0
LF:8
LH:1
end_of_record
SF:/root/.pub-cache/hosted/pub.dev/test_api-0.7.3/lib/src/backend/live_test_controller.dart
DA:23,0
DA:46,0
DA:47,0
DA:58,6
DA:59,12
DA:66,6
DA:67,12
DA:74,6
DA:75,12
DA:83,18
DA:101,6
DA:103,6
DA:110,0
DA:111,0
DA:113,0
DA:114,0
DA:115,0
DA:116,0
DA:124,6
DA:125,6
DA:126,12
DA:128,6
DA:129,12
DA:133,0
DA:134,0
DA:135,0
DA:139,0
DA:143,6
DA:145,6
DA:146,0
DA:147,6
DA:148,0
DA:151,6
DA:153,12
DA:154,6
DA:160,6
DA:161,12
DA:163,0
DA:165,0
DA:167,0
DA:168,0
DA:170,0
DA:171,0
DA:173,0
DA:176,0
LF:45
LH:22
end_of_record
SF:/root/.pub-cache/hosted/pub.dev/test_api-0.7.3/lib/src/backend/message.dart
DA:15,0
DA:17,0
DA:18,0
DA:31,0
DA:32,0
DA:33,0
DA:34,0
DA:37,6
DA:39,0
DA:40,0
LF:10
LH:1
end_of_record
SF:/root/.pub-cache/hosted/pub.dev/test_api-0.7.3/lib/src/backend/state.dart
DA:26,0
DA:28,24
DA:30,6
DA:32,24
DA:34,0
DA:35,0
DA:37,0
DA:39,0
DA:40,0
DA:41,0
DA:42,0
DA:63,0
DA:65,0
DA:66,0
DA:97,0
DA:103,0
DA:105,0
DA:107,0
DA:108,0
LF:19
LH:3
end_of_record
SF:/root/.pub-cache/hosted/pub.dev/test_api-0.7.3/lib/src/backend/test.dart
DA:40,0
DA:41,0
LF:2
LH:0
end_of_record
SF:/root/.pub-cache/hosted/pub.dev/test_core-0.6.5/lib/src/runner/live_suite.dart
DA:49,0
DA:50,0
DA:51,0
DA:52,0
DA:53,0
LF:5
LH:0
end_of_record
SF:/root/.pub-cache/hosted/pub.dev/test_core-0.6.5/lib/src/runner/load_suite.dart
DA:30,0
DA:56,0
DA:64,0
DA:76,0
DA:86,0
DA:89,0
DA:90,0
DA:91,0
DA:92,0
DA:94,0
DA:97,0
DA:99,0
DA:102,0
DA:105,0
DA:109,0
DA:110,0
DA:111,0
DA:116,0
DA:117,0
DA:122,0
DA:123,0
DA:129,0
DA:132,0
DA:134,0
DA:135,0
DA:136,0
DA:137,0
DA:138,0
DA:139,0
DA:143,0
DA:144,0
DA:145,0
DA:146,0
DA:149,0
DA:152,0
DA:153,0
DA:154,0
DA:160,0
DA:161,0
DA:162,0
DA:163,0
DA:166,0
DA:167,0
DA:168,0
DA:169,0
DA:170,0
DA:178,0
DA:179,0
DA:182,0
DA:184,0
DA:185,0
DA:187,0
DA:195,0
DA:196,0
DA:197,0
DA:198,0
DA:200,0
DA:202,0
DA:203,0
DA:207,0
DA:209,0
DA:210,0
DA:211,0
DA:214,0
DA:217,0
DA:219,0
LF:66
LH:0
end_of_record
SF:/root/.pub-cache/hosted/pub.dev/test_core-0.6.5/lib/src/runner/runner_suite.dart
DA:30,0
DA:33,0
DA:39,0
DA:45,0
DA:49,0
DA:53,0
DA:54,0
DA:55,0
DA:59,0
DA:61,0
DA:62,0
DA:64,0
DA:66,0
DA:67,0
DA:68,0
DA:72,0
DA:78,0
DA:79,0
DA:85,0
DA:112,0
DA:119,0
DA:120,0
DA:125,0
DA:136,0
DA:137,0
DA:138,0
DA:139,0
DA:152,0
DA:153,0
DA:154,0
DA:157,0
DA:159,0
DA:162,0
DA:163,0
DA:164,0
DA:169,0
DA:170,0
DA:171,0
DA:172,0
LF:39
LH:0
end_of_record
SF:/root/.pub-cache/hosted/pub.dev/test_core-0.6.5/lib/src/runner/util/iterable_set.dart
DA:22,0
DA:23,0
DA:25,0
DA:26,0
DA:29,0
DA:31,0
DA:32,0
DA:34,0
DA:36,0
DA:37,0
DA:42,0
DA:43,0
LF:12
LH:0
end_of_record
SF:/root/.pub-cache/hosted/pub.dev/collection-1.19.0/lib/src/unmodifiable_wrappers.dart
DA:23,0
DA:29,0
DA:30,0
DA:35,0
DA:36,0
DA:40,0
DA:41,0
DA:45,0
DA:46,0
DA:50,0
DA:51,0
DA:55,0
DA:56,0
DA:60,0
DA:61,0
DA:65,0
DA:66,0
DA:70,0
DA:71,0
DA:75,0
DA:76,0
DA:80,0
DA:81,0
DA:85,0
DA:86,0
DA:90,0
DA:91,0
DA:95,0
DA:96,0
DA:108,6
DA:120,0
DA:121,0
DA:126,0
DA:127,0
DA:131,0
DA:132,0
DA:136,0
DA:137,0
DA:141,0
DA:142,0
DA:146,0
DA:147,0
DA:151,0
DA:152,0
DA:156,0
DA:157,0
DA:161,0
DA:162,0
DA:168,0
DA:169,0
DA:174,0
DA:175,0
DA:179,0
DA:180,0
DA:184,0
DA:185,0
DA:189,0
DA:190,0
DA:194,0
DA:195,0
DA:199,0
DA:203,0
LF:62
LH:1
end_of_record
SF:/root/.pub-cache/hosted/pub.dev/test_core-0.6.5/lib/src/runner/environment.dart
DA:41,0
DA:42,0
DA:44,0
DA:46,0
DA:49,0
DA:52,0
DA:53,0
LF:7
LH:0
end_of_record
SF:/root/.pub-cache/hosted/pub.dev/test_core-0.6.5/lib/src/runner/load_exception.dart
DA:14,0
DA:16,0
DA:18,0
DA:19,0
DA:20,0
DA:21,0
DA:23,0
DA:24,0
DA:25,0
DA:26,0
DA:27,0
DA:30,0
DA:31,0
DA:32,0
LF:14
LH:0
end_of_record
SF:/root/.pub-cache/hosted/pub.dev/test_core-0.6.5/lib/src/util/errors.dart
DA:7,0
DA:13,0
DA:14,0
LF:3
LH:0
end_of_record
SF:/root/.pub-cache/hosted/pub.dev/test_api-0.7.3/lib/src/backend/metadata.dart
DA:24,0
DA:33,0
DA:40,12
DA:44,18
DA:51,0
DA:76,6
DA:78,6
DA:80,0
DA:81,0
DA:82,0
DA:83,0
DA:84,0
DA:85,0
DA:86,0
DA:88,0
DA:95,0
DA:99,0
DA:100,0
DA:102,0
DA:107,0
DA:109,0
DA:113,0
DA:115,0
DA:120,0
DA:126,6
DA:128,0
DA:129,0
DA:130,0
DA:134,0
DA:135,0
DA:138,0
DA:148,6
DA:161,12
DA:176,0
DA:177,6
DA:178,6
DA:183,6
DA:184,18
DA:185,0
DA:186,0
DA:189,12
DA:190,0
DA:196,6
DA:214,12
DA:216,6
DA:217,6
DA:218,0
DA:219,6
DA:226,6
DA:238,0
DA:240,0
DA:244,6
DA:245,6
DA:246,6
DA:248,0
DA:249,0
DA:252,0
DA:254,6
DA:258,6
DA:259,6
DA:261,0
DA:262,12
DA:263,6
DA:264,6
DA:265,6
DA:266,6
DA:267,6
DA:268,12
DA:269,6
DA:270,12
DA:271,0
DA:272,0
DA:274,12
DA:275,0
DA:276,0
DA:278,6
DA:281,6
DA:282,6
DA:283,6
DA:284,6
DA:285,0
DA:286,0
DA:291,6
DA:292,6
DA:293,6
DA:294,6
DA:295,6
DA:297,6
DA:299,0
DA:300,0
DA:307,6
DA:308,12
DA:309,12
DA:310,0
DA:311,0
DA:320,12
DA:321,18
DA:322,18
DA:323,12
DA:324,12
DA:325,12
DA:326,12
DA:327,12
DA:328,18
DA:329,18
DA:330,0
DA:331,18
DA:332,0
DA:334,12
DA:337,0
DA:349,0
DA:350,0
DA:351,0
DA:352,0
DA:353,0
DA:354,0
DA:355,0
DA:356,0
DA:357,0
DA:358,0
DA:359,0
DA:360,0
DA:376,6
DA:377,12
DA:380,0
DA:381,0
DA:382,0
DA:384,0
DA:389,6
DA:391,6
DA:392,12
DA:393,0
DA:396,6
DA:397,12
DA:398,12
DA:399,6
DA:400,6
DA:401,6
DA:402,6
DA:403,6
DA:404,12
DA:406,12
DA:407,0
DA:408,6
DA:413,6
DA:414,6
DA:415,6
DA:416,6
DA:417,6
LF:149
LH:81
end_of_record
SF:/root/.pub-cache/hosted/pub.dev/test_api-0.7.3/lib/src/backend/runtime.dart
DA:68,0
DA:86,0
DA:94,6
DA:102,0
DA:104,0
DA:105,0
DA:106,0
DA:107,0
DA:111,6
DA:112,6
DA:114,24
DA:118,0
DA:119,0
DA:121,0
DA:122,0
DA:123,0
DA:124,0
DA:127,0
DA:133,0
DA:134,0
DA:137,0
DA:138,0
DA:139,0
DA:140,0
DA:141,0
DA:146,0
DA:147,0
DA:149,0
DA:150,0
DA:151,0
DA:152,0
DA:153,0
DA:154,0
DA:156,0
DA:157,0
DA:161,0
DA:162,0
DA:163,0
DA:164,0
DA:165,0
DA:167,0
DA:168,0
DA:169,0
DA:170,0
DA:171,0
DA:173,0
DA:183,0
DA:184,0
DA:185,0
DA:186,0
DA:188,0
DA:191,0
DA:192,0
LF:53
LH:4
end_of_record
SF:/root/.pub-cache/hosted/pub.dev/test_api-0.7.3/lib/src/backend/suite.dart
DA:24,0
DA:38,6
DA:39,6
DA:44,6
DA:45,6
DA:47,0
DA:54,0
DA:55,0
DA:56,0
DA:57,0
DA:58,0
DA:61,0
LF:12
LH:4
end_of_record
SF:/root/.pub-cache/hosted/pub.dev/test_api-0.7.3/lib/src/backend/suite_platform.dart
DA:34,6
DA:40,0
DA:41,12
DA:42,0
DA:44,24
DA:45,0
DA:46,0
DA:52,6
DA:54,18
DA:55,6
DA:56,12
DA:58,12
DA:59,6
DA:64,0
DA:65,0
DA:66,0
DA:67,0
DA:68,0
LF:18
LH:9
end_of_record
SF:/root/.pub-cache/hosted/pub.dev/test_core-0.6.5/lib/src/util/io.dart
DA:26,0
DA:29,0
DA:31,0
DA:32,0
DA:36,0
DA:39,0
DA:42,0
DA:45,0
DA:53,0
DA:54,0
DA:56,0
DA:57,0
DA:60,0
DA:61,0
DA:62,0
DA:63,0
DA:64,0
DA:70,0
DA:71,0
DA:73,0
DA:78,0
DA:81,0
DA:88,0
DA:89,0
DA:90,0
DA:95,0
DA:96,0
DA:102,0
DA:105,0
DA:106,0
DA:116,0
DA:117,0
DA:118,0
DA:119,0
DA:120,0
DA:129,0
DA:130,0
DA:131,0
DA:133,0
DA:134,0
DA:135,0
DA:136,0
DA:137,0
DA:138,0
DA:139,0
DA:141,0
DA:142,0
DA:143,0
DA:146,0
DA:147,0
DA:150,0
DA:151,0
DA:162,0
DA:163,0
DA:165,0
DA:177,0
DA:180,0
DA:181,0
DA:195,0
DA:199,0
DA:201,0
DA:202,0
DA:203,0
DA:208,0
DA:209,0
DA:210,0
DA:220,0
DA:222,0
DA:223,0
DA:224,0
DA:226,0
DA:228,0
DA:237,0
DA:241,0
DA:243,0
DA:244,0
DA:245,0
DA:246,0
DA:247,0
DA:258,0
DA:259,0
DA:260,0
DA:261,0
DA:262,0
DA:263,0
LF:85
LH:0
end_of_record
SF:/root/.pub-cache/hosted/pub.dev/test_core-0.6.5/lib/src/util/pair.dart
DA:10,0
DA:12,0
DA:13,0
DA:15,0
DA:17,0
DA:18,0
DA:21,0
DA:22,0
LF:8
LH:0
end_of_record
SF:/root/.pub-cache/hosted/pub.dev/test_core-0.6.5/lib/src/runner/plugin/environment.dart
DA:15,0
DA:16,0
DA:18,12
DA:20,0
DA:23,0
DA:26,0
DA:27,0
LF:7
LH:1
end_of_record
SF:/root/.pub-cache/hosted/pub.dev/test_core-0.6.5/lib/src/runner/suite.dart
DA:36,0
DA:47,0
DA:66,0
DA:70,0
DA:75,0
DA:79,0
DA:111,0
DA:113,0
DA:130,0
DA:131,0
DA:132,0
DA:133,0
DA:135,0
DA:150,0
DA:152,0
DA:174,0
DA:187,0
DA:196,0
DA:203,0
DA:225,0
DA:247,0
DA:248,0
DA:251,0
DA:252,0
DA:255,0
DA:256,0
DA:262,0
DA:280,0
DA:281,0
DA:282,0
DA:283,0
DA:284,0
DA:286,0
DA:290,0
DA:291,0
DA:292,0
DA:293,0
DA:294,0
DA:295,0
DA:296,0
DA:312,0
DA:314,0
DA:315,0
DA:320,0
DA:321,0
DA:322,0
DA:330,0
DA:331,0
DA:332,0
DA:333,0
DA:335,0
DA:337,0
DA:339,0
DA:340,0
DA:341,0
DA:342,0
DA:344,0
DA:345,0
DA:346,0
DA:347,0
DA:348,0
DA:349,0
DA:350,0
DA:351,0
DA:352,0
DA:359,0
DA:381,0
DA:383,0
DA:385,0
DA:386,0
DA:387,0
DA:388,0
DA:389,0
DA:390,0
DA:391,0
DA:392,0
DA:393,0
DA:394,0
DA:395,0
DA:396,0
DA:404,0
DA:405,0
DA:415,0
DA:416,0
DA:417,0
DA:418,0
DA:420,0
DA:421,0
DA:422,0
DA:423,0
DA:424,0
DA:425,0
DA:426,0
DA:427,0
DA:428,0
DA:429,0
DA:430,0
DA:431,0
DA:435,0
DA:437,0
DA:438,0
DA:440,0
DA:442,0
DA:444,0
DA:445,0
DA:446,0
DA:447,0
DA:449,0
DA:455,0
DA:456,0
DA:457,0
DA:463,0
DA:464,0
DA:467,0
DA:468,0
DA:469,0
DA:471,0
DA:478,0
DA:480,0
DA:481,0
DA:483,0
DA:486,0
DA:489,0
DA:490,0
DA:491,0
DA:492,0
DA:495,0
DA:496,0
LF:128
LH:0
end_of_record
SF:/root/.pub-cache/hosted/pub.dev/test_core-0.6.5/lib/src/runner/reporter.dart
DA:26,0
DA:29,0
LF:2
LH:0
end_of_record
SF:/root/.pub-cache/hosted/pub.dev/test_core-0.6.5/lib/src/runner/reporter/expanded.dart
DA:100,0
DA:104,0
DA:107,0
DA:120,0
DA:124,0
DA:127,0
DA:129,0
DA:130,0
DA:132,0
DA:134,0
DA:135,0
DA:139,0
DA:141,0
DA:143,0
DA:145,0
DA:146,0
DA:150,0
DA:151,0
DA:152,0
DA:154,0
DA:158,0
DA:159,0
DA:160,0
DA:164,0
DA:169,0
DA:170,0
DA:171,0
DA:172,0
DA:173,0
DA:174,0
DA:177,0
DA:180,0
DA:181,0
DA:183,0
DA:184,0
DA:185,0
DA:186,0
DA:187,0
DA:192,0
DA:193,0
DA:197,0
DA:198,0
DA:203,0
DA:204,0
DA:205,0
DA:206,0
DA:209,0
DA:211,0
DA:213,0
DA:214,0
DA:215,0
DA:216,0
DA:221,0
DA:224,0
DA:225,0
DA:233,0
DA:234,0
DA:240,0
DA:241,0
DA:243,0
DA:244,0
DA:245,0
DA:247,0
DA:248,0
DA:249,0
DA:251,0
DA:254,0
DA:255,0
DA:256,0
DA:257,0
DA:268,0
DA:270,0
DA:271,0
DA:272,0
DA:273,0
DA:275,0
DA:279,0
DA:280,0
DA:281,0
DA:282,0
DA:283,0
DA:285,0
DA:287,0
DA:288,0
DA:291,0
DA:292,0
DA:293,0
DA:294,0
DA:295,0
DA:297,0
DA:298,0
DA:299,0
DA:300,0
DA:301,0
DA:304,0
DA:305,0
DA:306,0
DA:307,0
DA:308,0
DA:311,0
DA:312,0
DA:313,0
DA:314,0
DA:316,0
DA:320,0
DA:321,0
DA:322,0
DA:329,0
DA:330,0
DA:332,0
DA:333,0
DA:334,0
DA:335,0
DA:338,0
DA:339,0
DA:340,0
DA:343,0
LF:117
LH:0
end_of_record
SF:/root/.pub-cache/hosted/pub.dev/test_core-0.6.5/lib/src/util/pretty_print.dart
DA:6,0
DA:9,0
DA:12,0
DA:16,0
DA:19,0
DA:20,0
DA:21,0
DA:23,0
DA:25,0
DA:26,0
DA:28,0
DA:29,0
DA:36,0
DA:38,0
DA:41,0
DA:42,0
DA:43,0
DA:44,0
DA:46,0
DA:47,0
DA:48,0
DA:49,0
DA:50,0
DA:52,0
DA:53,0
DA:54,0
DA:55,0
DA:56,0
DA:57,0
DA:59,0
DA:65,0
DA:66,0
DA:67,0
DA:68,0
DA:70,0
LF:35
LH:0
end_of_record
SF:/root/.pub-cache/hosted/pub.dev/test_core-0.6.5/lib/src/runner/runtime_selection.dart
DA:17,0
DA:19,0
DA:21,0
DA:23,0
DA:24,0
LF:5
LH:0
end_of_record
SF:/root/.pub-cache/hosted/pub.dev/test_api-0.7.3/lib/src/backend/platform_selector.dart
DA:14,0
DA:15,0
DA:16,0
DA:17,0
DA:18,0
DA:19,0
DA:20,0
DA:21,0
DA:22,0
DA:23,0
DA:24,0
DA:47,0
DA:49,0
DA:52,6
DA:58,0
DA:59,0
DA:62,0
DA:63,0
DA:64,0
DA:71,6
DA:74,0
DA:75,0
DA:76,0
DA:77,0
DA:78,0
DA:82,6
DA:83,12
DA:85,0
DA:86,0
DA:87,0
DA:88,0
DA:90,0
DA:91,0
DA:92,0
DA:93,0
DA:94,0
DA:95,0
DA:96,0
DA:102,6
DA:103,6
DA:104,0
DA:107,0
DA:108,0
DA:110,6
DA:112,24
DA:114,0
DA:115,0
LF:47
LH:8
end_of_record
SF:/root/.pub-cache/hosted/pub.dev/meta-1.15.0/lib/meta.dart
DA:535,6
DA:563,6
DA:588,0
DA:590,0
DA:591,0
DA:592,0
DA:593,0
DA:618,6
DA:631,0
DA:635,6
DA:639,6
DA:652,6
DA:665,6
DA:669,6
DA:674,6
DA:678,6
DA:684,6
DA:690,6
DA:695,6
DA:703,6
DA:713,6
DA:723,6
DA:729,6
DA:742,6
DA:748,6
DA:758,6
DA:766,6
DA:770,6
DA:775,6
DA:781,6
DA:789,6
LF:31
LH:25
end_of_record
SF:/root/.pub-cache/hosted/pub.dev/test_api-0.7.3/lib/src/backend/declarer.dart
DA:93,18
DA:107,18
DA:134,6
DA:142,6
DA:145,0
DA:153,6
DA:168,6
DA:169,12
DA:172,6
DA:180,6
DA:182,6
DA:183,6
DA:187,6
DA:193,6
DA:194,12
DA:195,12
DA:196,18
DA:197,6
DA:200,6
DA:201,6
DA:207,12
DA:208,6
DA:209,0
DA:213,12
DA:214,6
DA:215,6
DA:219,6
DA:220,6
DA:223,0
DA:228,6
DA:236,6
DA:238,6
DA:239,6
DA:243,6
DA:249,6
DA:250,12
DA:251,12
DA:252,6
DA:254,6
DA:258,6
DA:259,6
DA:261,6
DA:262,6
DA:263,6
DA:264,12
DA:267,6
DA:268,6
DA:269,0
DA:271,12
DA:273,6
DA:274,0
DA:279,24
DA:282,0
DA:283,0
DA:284,0
DA:288,0
DA:289,0
DA:290,0
DA:294,0
DA:295,0
DA:296,0
DA:297,0
DA:301,0
DA:302,0
DA:303,0
DA:304,0
DA:309,0
DA:310,0
DA:316,6
DA:317,6
DA:319,6
DA:320,18
DA:321,6
DA:322,0
DA:323,0
DA:324,0
DA:325,0
DA:326,0
DA:329,6
DA:331,12
DA:332,6
DA:333,6
DA:334,6
DA:335,6
DA:341,6
DA:342,6
DA:343,0
DA:350,6
DA:351,18
DA:353,12
DA:357,6
DA:358,12
DA:360,0
DA:361,0
DA:362,0
DA:363,0
DA:366,0
DA:367,0
DA:371,6
DA:374,24
DA:376,0
DA:377,0
DA:378,0
DA:381,0
DA:382,0
DA:385,6
DA:386,12
DA:387,0
DA:389,12
DA:397,0
DA:399,0
DA:400,0
LF:112
LH:70
end_of_record
SF:/root/.pub-cache/hosted/pub.dev/test_core-0.6.5/lib/src/util/os.dart
DA:11,0
DA:12,0
DA:13,0
DA:14,0
DA:15,0
DA:16,0
DA:25,0
DA:26,0
DA:27,0
DA:28,0
DA:30,0
LF:11
LH:0
end_of_record
SF:/root/.pub-cache/hosted/pub.dev/test_core-0.6.5/lib/src/util/print_sink.dart
DA:8,0
DA:10,0
DA:11,0
DA:14,0
DA:16,0
DA:17,0
DA:20,0
DA:22,0
DA:23,0
DA:26,0
DA:28,0
DA:29,0
DA:33,0
DA:34,0
DA:35,0
DA:36,0
LF:16
LH:0
end_of_record
SF:/root/.pub-cache/hosted/pub.dev/test_api-0.7.3/lib/src/backend/compiler.dart
DA:44,6
DA:45,24
DA:49,0
DA:51,0
DA:52,0
DA:56,0
DA:58,0
LF:7
LH:2
end_of_record
SF:/root/.pub-cache/hosted/pub.dev/test_api-0.7.3/lib/src/backend/operating_system.dart
DA:44,6
DA:45,24
DA:46,0
DA:52,0
DA:53,0
DA:54,0
DA:55,0
DA:56,0
DA:57,0
DA:68,0
DA:70,6
DA:72,0
DA:73,0
LF:13
LH:3
end_of_record
SF:/root/.pub-cache/hosted/pub.dev/test_api-0.7.3/lib/hooks.dart
DA:21,6
DA:22,6
DA:23,0
DA:24,6
DA:25,6
DA:28,0
DA:32,6
DA:34,0
DA:42,0
DA:48,0
DA:49,0
DA:50,0
DA:57,0
DA:58,0
DA:59,0
DA:64,0
DA:65,0
DA:72,0
DA:73,0
DA:75,0
DA:76,0
DA:77,0
DA:78,0
LF:23
LH:5
end_of_record
SF:/root/.pub-cache/hosted/pub.dev/test_api-0.7.3/lib/src/backend/remote_exception.dart
DA:32,0
DA:34,0
DA:38,0
DA:39,0
DA:44,0
DA:46,0
DA:48,0
DA:50,0
DA:51,0
DA:59,0
DA:60,0
DA:61,0
DA:65,0
DA:66,0
DA:67,0
DA:68,0
DA:70,0
DA:71,0
DA:72,0
DA:76,0
DA:78,0
DA:79,0
DA:87,0
LF:23
LH:0
end_of_record
SF:/root/.pub-cache/hosted/pub.dev/test_api-0.7.3/lib/src/backend/remote_listener.dart
DA:46,6
DA:54,6
DA:55,12
DA:59,0
DA:60,6
DA:61,0
DA:62,0
DA:65,6
DA:66,18
DA:67,12
DA:70,6
DA:71,0
DA:72,0
DA:75,0
DA:79,6
DA:80,0
DA:85,12
DA:86,6
DA:87,18
DA:89,18
DA:90,0
DA:91,0
DA:95,0
DA:96,0
DA:97,0
DA:100,6
DA:101,12
DA:102,6
DA:103,6
DA:105,12
DA:106,6
DA:107,6
DA:110,6
DA:112,12
DA:113,12
DA:114,12
DA:117,0
DA:120,6
DA:122,6
DA:123,6
DA:124,12
DA:125,6
DA:126,6
DA:129,12
DA:130,6
DA:131,18
DA:136,6
DA:137,0
DA:138,0
DA:142,6
DA:147,6
DA:149,6
DA:150,0
DA:156,0
DA:157,0
DA:161,0
DA:163,0
DA:165,0
DA:167,0
DA:168,0
DA:172,6
DA:176,6
DA:177,18
DA:179,24
DA:186,6
DA:188,12
DA:189,6
DA:191,6
DA:192,12
DA:193,6
DA:195,0
DA:196,0
DA:197,0
DA:198,0
DA:199,12
DA:200,12
DA:201,18
DA:202,6
DA:203,6
DA:204,6
DA:205,6
DA:213,6
DA:217,6
DA:218,18
DA:219,18
DA:220,18
DA:221,18
DA:224,6
DA:226,6
DA:227,12
DA:228,6
DA:230,0
DA:231,0
DA:232,0
DA:233,0
DA:234,6
DA:239,6
DA:240,12
DA:241,0
DA:242,0
DA:245,18
DA:246,18
DA:248,12
DA:249,12
DA:253,12
DA:254,0
DA:256,0
DA:257,0
DA:258,0
DA:259,0
DA:263,12
DA:264,0
DA:265,0
DA:267,0
DA:268,0
DA:272,12
DA:273,36
DA:274,6
LF:118
LH:76
end_of_record
SF:/root/.pub-cache/hosted/pub.dev/test_api-0.7.3/lib/src/backend/stack_trace_formatter.dart
DA:13,18
DA:34,6
DA:35,18
DA:41,6
DA:42,18
DA:50,6
DA:52,0
DA:53,0
DA:54,0
DA:63,0
DA:64,0
DA:67,0
DA:70,0
DA:71,0
DA:72,0
LF:15
LH:6
end_of_record
SF:/root/.pub-cache/hosted/pub.dev/test_api-0.7.3/lib/src/backend/closed_exception.dart
DA:8,0
DA:10,0
LF:2
LH:0
end_of_record
SF:/root/.pub-cache/hosted/pub.dev/test_api-0.7.3/lib/src/backend/test_failure.dart
DA:9,0
DA:11,0
DA:12,0
LF:3
LH:0
end_of_record
SF:/root/.pub-cache/hosted/pub.dev/test_api-0.7.3/lib/src/scaffolding/utils.dart
DA:16,0
DA:17,0
DA:19,0
DA:23,0
DA:27,0
DA:36,0
DA:37,0
DA:45,0
DA:47,0
DA:48,0
DA:49,0
LF:11
LH:0
end_of_record
SF:/root/.pub-cache/hosted/pub.dev/test_api-0.7.3/lib/src/backend/configuration/on_platform.dart
DA:16,0
LF:1
LH:0
end_of_record
SF:/root/.pub-cache/hosted/pub.dev/test_api-0.7.3/lib/src/backend/configuration/retry.dart
DA:17,0
LF:1
LH:0
end_of_record
SF:/root/.pub-cache/hosted/pub.dev/test_api-0.7.3/lib/src/backend/configuration/skip.dart
DA:17,0
LF:1
LH:0
end_of_record
SF:/root/.pub-cache/hosted/pub.dev/test_api-0.7.3/lib/src/backend/configuration/tags.dart
DA:15,0
DA:20,0
LF:2
LH:0
end_of_record
SF:/root/.pub-cache/hosted/pub.dev/test_api-0.7.3/lib/src/backend/configuration/test_on.dart
DA:17,0
LF:1
LH:0
end_of_record
SF:/root/.pub-cache/hosted/pub.dev/test_api-0.7.3/lib/src/backend/configuration/timeout.dart
DA:13,0
DA:16,0
DA:19,0
DA:48,6
DA:51,12
DA:53,6
DA:71,0
DA:72,0
DA:75,0
DA:76,0
DA:81,0
DA:82,0
DA:85,0
DA:86,0
DA:87,0
DA:94,0
DA:95,0
DA:97,0
DA:100,0
DA:101,0
DA:104,0
DA:105,0
DA:109,0
DA:110,0
DA:111,0
DA:112,0
DA:113,0
DA:114,0
DA:115,0
DA:116,0
DA:125,6
DA:126,12
DA:127,6
DA:128,6
DA:129,24
DA:135,6
DA:136,6
DA:137,18
DA:140,0
DA:141,0
DA:143,6
DA:145,6
DA:146,18
DA:147,18
DA:149,0
DA:151,0
DA:152,0
LF:47
LH:15
end_of_record
SF:/root/.pub-cache/hosted/pub.dev/test_api-0.7.3/lib/src/scaffolding/spawn_hybrid.dart
DA:23,0
DA:24,0
DA:25,0
DA:26,0
DA:27,0
DA:30,0
DA:31,0
DA:34,0
DA:35,0
DA:36,0
DA:39,0
DA:42,0
DA:43,0
DA:92,0
DA:97,0
DA:99,0
DA:100,0
DA:101,0
DA:103,0
DA:146,0
DA:148,0
DA:150,0
DA:154,0
DA:155,0
DA:157,0
DA:161,0
DA:163,0
DA:165,0
DA:169,0
DA:173,0
DA:174,0
DA:175,0
DA:178,0
LF:33
LH:0
end_of_record
SF:/root/.pub-cache/hosted/pub.dev/test_api-0.7.3/lib/src/scaffolding/test_structure.dart
DA:15,0
DA:72,0
DA:82,0
DA:151,0
DA:161,0
DA:188,0
DA:203,0
DA:216,0
DA:217,0
DA:218,0
DA:221,0
DA:237,0
DA:250,0
DA:251,0
LF:14
LH:0
end_of_record
SF:/root/.pub-cache/hosted/pub.dev/meta-1.15.0/lib/meta_meta.dart
DA:33,48
DA:175,6
DA:178,0
DA:180,0
DA:181,0
LF:5
LH:2
end_of_record
SF:/root/.pub-cache/hosted/pub.dev/test_api-0.7.3/lib/src/backend/util/pretty_print.dart
DA:9,0
DA:10,0
DA:12,0
DA:20,0
DA:21,0
DA:23,0
DA:24,0
DA:25,0
DA:29,0
DA:30,0
DA:31,0
DA:32,0
DA:34,0
DA:35,0
DA:37,0
DA:38,0
DA:39,0
DA:40,0
DA:41,0
DA:44,0
LF:20
LH:0
end_of_record
SF:/root/.pub-cache/hosted/pub.dev/test_api-0.7.3/lib/src/backend/util/identifier_regex.dart
DA:9,0
LF:1
LH:0
end_of_record
SF:/root/.pub-cache/hosted/pub.dev/term_glyph-1.2.1/lib/term_glyph.dart
DA:21,0
DA:22,0
DA:28,0
DA:30,0
DA:36,0
DA:37,0
LF:6
LH:0
end_of_record
SF:/root/.pub-cache/hosted/pub.dev/test_api-0.7.3/lib/src/backend/suite_channel_manager.dart
DA:21,0
DA:22,0
DA:23,0
DA:24,0
DA:25,0
DA:27,0
DA:28,0
DA:29,0
DA:30,0
DA:35,0
DA:36,0
DA:37,0
DA:38,0
DA:39,0
DA:41,0
LF:15
LH:0
end_of_record
SF:/root/.pub-cache/hosted/pub.dev/test_api-0.7.3/lib/src/utils.dart
DA:6,0
DA:8,0
DA:9,0
DA:10,0
DA:12,0
DA:13,0
DA:14,0
DA:16,0
DA:17,0
DA:18,0
DA:19,0
DA:22,0
DA:25,0
LF:13
LH:0
end_of_record
SF:/root/.pub-cache/hosted/pub.dev/matcher-0.12.16+1/lib/src/expect/expect.dart
DA:51,6
DA:56,6
DA:71,0
DA:73,0
DA:76,6
DA:78,6
DA:79,0
DA:80,0
DA:81,0
DA:83,0
DA:87,0
DA:88,0
DA:91,6
DA:92,0
DA:94,0
DA:95,0
DA:97,0
DA:99,0
DA:100,0
DA:103,0
DA:104,0
DA:107,6
DA:109,2
DA:110,2
DA:112,4
DA:113,2
DA:119,2
DA:120,0
DA:121,2
DA:122,0
DA:123,0
DA:125,0
DA:127,0
DA:130,0
DA:133,4
DA:136,6
DA:138,6
DA:139,12
DA:142,0
DA:144,0
DA:149,0
DA:152,0
DA:155,0
DA:156,0
DA:157,0
DA:158,0
DA:159,0
DA:160,0
LF:48
LH:16
end_of_record
SF:/root/.pub-cache/hosted/pub.dev/matcher-0.12.16+1/lib/src/expect/expect_async.dart
DA:76,0
DA:81,0
DA:83,0
DA:84,0
DA:86,0
DA:87,0
DA:88,0
DA:91,0
DA:92,0
DA:96,0
DA:97,0
DA:98,0
DA:100,0
DA:108,0
DA:109,0
DA:113,0
DA:115,0
DA:116,0
DA:118,0
DA:119,0
DA:120,0
DA:121,0
DA:126,0
DA:127,0
DA:128,0
DA:130,0
DA:131,0
DA:132,0
DA:133,0
DA:134,0
DA:135,0
DA:137,0
DA:138,0
DA:144,0
DA:146,0
DA:148,0
DA:150,0
DA:154,0
DA:156,0
DA:161,0
DA:163,0
DA:169,0
DA:171,0
DA:178,0
DA:181,0
DA:186,0
DA:187,0
DA:188,0
DA:189,0
DA:190,0
DA:191,0
DA:192,0
DA:193,0
DA:196,0
DA:198,0
DA:203,0
DA:204,0
DA:205,0
DA:206,0
DA:210,0
DA:211,0
DA:219,0
DA:222,0
DA:245,0
DA:247,0
DA:270,0
DA:272,0
DA:295,0
DA:297,0
DA:320,0
DA:322,0
DA:345,0
DA:351,0
DA:374,0
DA:380,0
DA:403,0
DA:409,0
DA:415,0
DA:418,0
DA:419,0
DA:438,0
DA:440,0
DA:442,0
DA:461,0
DA:464,0
DA:466,0
DA:485,0
DA:488,0
DA:490,0
DA:509,0
DA:512,0
DA:514,0
DA:533,0
DA:536,0
DA:538,0
DA:557,0
DA:560,0
DA:562,0
DA:581,0
DA:584,0
DA:586,0
LF:101
LH:0
end_of_record
SF:/root/.pub-cache/hosted/pub.dev/matcher-0.12.16+1/lib/src/expect/throws_matcher.dart
DA:63,0
DA:70,12
DA:74,2
DA:76,2
DA:80,2
DA:81,0
DA:86,2
DA:87,0
DA:88,0
DA:91,0
DA:93,2
DA:99,0
DA:103,0
DA:105,0
DA:109,0
DA:111,0
DA:112,0
DA:114,0
DA:120,2
DA:121,2
DA:123,2
DA:124,4
DA:126,0
DA:127,0
DA:128,0
DA:130,0
DA:131,0
DA:133,0
DA:134,0
DA:137,0
DA:138,0
LF:31
LH:10
end_of_record
SF:/root/.pub-cache/hosted/pub.dev/term_glyph-1.2.1/lib/src/generated/ascii_glyph_set.dart
DA:11,6
DA:15,0
DA:17,0
DA:19,0
DA:21,0
DA:23,0
DA:25,0
DA:27,0
DA:29,0
DA:31,0
DA:33,0
DA:35,0
DA:37,0
DA:39,0
DA:41,0
DA:43,0
DA:45,0
DA:47,0
DA:49,0
DA:51,0
DA:53,0
DA:55,0
DA:57,0
DA:59,0
DA:61,0
DA:63,0
DA:65,0
DA:67,0
DA:69,0
DA:71,0
DA:73,0
DA:75,0
DA:77,0
DA:79,0
DA:81,0
DA:83,0
DA:85,0
DA:87,0
DA:89,0
DA:91,0
DA:93,0
DA:95,0
DA:97,0
DA:99,0
DA:101,0
DA:103,0
DA:105,0
DA:107,0
DA:109,0
DA:111,0
DA:113,0
DA:115,0
DA:117,0
DA:119,0
DA:121,0
DA:123,0
DA:125,0
DA:127,0
DA:129,0
DA:131,0
DA:133,0
DA:135,0
LF:62
LH:1
end_of_record
SF:/root/.pub-cache/hosted/pub.dev/term_glyph-1.2.1/lib/src/generated/top_level.dart
DA:13,0
DA:22,0
DA:31,0
DA:37,0
DA:43,0
DA:49,0
DA:55,0
DA:61,0
DA:67,0
DA:73,0
DA:79,0
DA:85,0
DA:91,0
DA:97,0
DA:103,0
DA:109,0
DA:115,0
DA:121,0
DA:127,0
DA:133,0
DA:139,0
DA:145,0
DA:151,0
DA:157,0
DA:163,0
DA:169,0
DA:175,0
DA:181,0
DA:187,0
DA:193,0
DA:199,0
DA:205,0
DA:211,0
DA:217,0
DA:223,0
DA:229,0
DA:235,0
DA:241,0
DA:247,0
DA:253,0
DA:259,0
DA:265,0
DA:271,0
DA:277,0
DA:283,0
DA:289,0
DA:295,0
DA:301,0
DA:307,0
DA:313,0
DA:314,0
DA:320,0
DA:326,0
DA:327,0
DA:333,0
DA:339,0
DA:340,0
DA:346,0
DA:352,0
DA:353,0
DA:359,0
DA:360,0
DA:366,0
DA:367,0
DA:373,0
DA:379,0
DA:380,0
LF:67
LH:0
end_of_record
SF:/root/.pub-cache/hosted/pub.dev/term_glyph-1.2.1/lib/src/generated/unicode_glyph_set.dart
DA:11,6
DA:15,0
DA:17,0
DA:19,0
DA:21,0
DA:23,0
DA:25,0
DA:27,0
DA:29,0
DA:31,0
DA:33,0
DA:35,0
DA:37,0
DA:39,0
DA:41,0
DA:43,0
DA:45,0
DA:47,0
DA:49,0
DA:51,0
DA:53,0
DA:55,0
DA:57,0
DA:59,0
DA:61,0
DA:63,0
DA:65,0
DA:67,0
DA:69,0
DA:71,0
DA:73,0
DA:75,0
DA:77,0
DA:79,0
DA:81,0
DA:83,0
DA:85,0
DA:87,0
DA:89,0
DA:91,0
DA:93,0
DA:95,0
DA:97,0
DA:99,0
DA:101,0
DA:103,0
DA:105,0
DA:107,0
DA:109,0
DA:111,0
DA:113,0
DA:115,0
DA:117,0
DA:119,0
DA:121,0
DA:123,0
DA:125,0
DA:127,0
DA:129,0
DA:131,0
DA:133,0
DA:135,0
LF:62
LH:1
end_of_record
SF:/root/.pub-cache/hosted/pub.dev/string_scanner-1.3.0/lib/src/eager_span_scanner.dart
DA:14,0
DA:18,0
DA:19,0
DA:22,0
DA:23,0
DA:26,0
DA:28,0
DA:30,0
DA:32,0
DA:34,0
DA:35,0
DA:39,0
DA:40,0
DA:41,0
DA:44,0
DA:46,0
DA:47,0
DA:49,0
DA:50,0
DA:51,0
DA:52,0
DA:53,0
DA:55,0
DA:58,0
DA:59,0
DA:61,0
DA:62,0
DA:63,0
DA:65,0
DA:66,0
DA:71,0
DA:73,0
DA:75,0
DA:76,0
DA:80,0
DA:82,0
DA:83,0
DA:88,0
DA:89,0
DA:90,0
DA:91,0
DA:93,0
DA:97,0
DA:99,0
DA:100,0
DA:102,0
DA:103,0
DA:104,0
DA:105,0
DA:107,0
DA:115,0
DA:116,0
DA:117,0
DA:132,0
LF:54
LH:0
end_of_record
SF:/root/.pub-cache/hosted/pub.dev/string_scanner-1.3.0/lib/src/line_scanner.dart
DA:12,0
DA:17,0
DA:21,0
DA:31,0
DA:32,0
DA:36,0
DA:38,0
DA:39,0
DA:40,0
DA:44,0
DA:45,0
DA:46,0
DA:49,0
DA:51,0
DA:52,0
DA:54,0
DA:55,0
DA:56,0
DA:57,0
DA:58,0
DA:60,0
DA:63,0
DA:64,0
DA:66,0
DA:67,0
DA:68,0
DA:70,0
DA:71,0
DA:76,0
DA:78,0
DA:80,0
DA:81,0
DA:85,0
DA:87,0
DA:88,0
DA:93,0
DA:94,0
DA:95,0
DA:96,0
DA:98,0
DA:102,0
DA:104,0
DA:106,0
DA:107,0
DA:108,0
DA:109,0
DA:111,0
DA:119,0
DA:120,0
DA:121,0
DA:140,0
LF:51
LH:0
end_of_record
SF:/root/.pub-cache/hosted/pub.dev/string_scanner-1.3.0/lib/src/span_scanner.dart
DA:22,0
DA:23,0
DA:24,0
DA:25,0
DA:27,0
DA:28,0
DA:30,0
DA:32,0
DA:33,0
DA:37,0
DA:44,0
DA:45,0
DA:46,0
DA:52,0
DA:55,0
DA:62,0
DA:63,0
DA:89,0
DA:90,0
DA:91,0
DA:102,0
DA:103,0
DA:105,0
DA:107,0
DA:108,0
DA:112,0
DA:116,0
DA:118,0
DA:120,0
DA:121,0
DA:122,0
DA:124,0
DA:125,0
DA:136,0
DA:137,0
DA:138,0
DA:139,0
DA:141,0
LF:38
LH:0
end_of_record
SF:/root/.pub-cache/hosted/pub.dev/string_scanner-1.3.0/lib/src/utils.dart
DA:8,0
DA:11,0
DA:15,0
DA:16,0
DA:17,0
DA:18,0
DA:23,0
DA:24,0
DA:27,0
DA:28,0
DA:60,0
DA:61,0
DA:62,0
DA:65,0
DA:66,0
DA:69,0
DA:70,0
DA:74,0
DA:75,0
DA:76,0
DA:82,0
DA:83,0
DA:84,0
DA:89,0
DA:90,0
DA:91,0
DA:92,0
DA:93,0
DA:94,0
LF:29
LH:0
end_of_record
SF:/root/.pub-cache/hosted/pub.dev/string_scanner-1.3.0/lib/src/exception.dart
DA:11,0
DA:12,0
DA:17,0
DA:19,0
LF:4
LH:0
end_of_record
SF:/root/.pub-cache/hosted/pub.dev/string_scanner-1.3.0/lib/src/string_scanner.dart
DA:23,0
DA:24,0
DA:25,0
DA:26,0
DA:29,0
DA:30,0
DA:38,0
DA:41,0
DA:42,0
DA:49,0
DA:52,0
DA:59,0
DA:62,0
DA:63,0
DA:65,0
DA:72,0
DA:73,0
DA:74,0
DA:84,0
DA:86,0
DA:87,0
DA:88,0
DA:98,0
DA:99,0
DA:100,0
DA:101,0
DA:102,0
DA:105,0
DA:109,0
DA:110,0
DA:111,0
DA:126,0
DA:127,0
DA:130,0
DA:132,0
DA:135,0
DA:139,0
DA:150,0
DA:151,0
DA:152,0
DA:154,0
DA:155,0
DA:157,0
DA:158,0
DA:169,0
DA:170,0
DA:171,0
DA:173,0
DA:174,0
DA:176,0
DA:183,0
DA:184,0
DA:186,0
DA:187,0
DA:199,0
DA:200,0
DA:203,0
DA:204,0
DA:205,0
DA:208,0
DA:209,0
DA:212,0
DA:217,0
DA:218,0
DA:219,0
DA:226,0
DA:227,0
DA:228,0
DA:229,0
DA:236,0
DA:237,0
DA:238,0
DA:254,0
DA:255,0
DA:257,0
DA:258,0
DA:259,0
DA:261,0
DA:262,0
DA:263,0
DA:269,0
DA:270,0
LF:82
LH:0
end_of_record
SF:/root/.pub-cache/hosted/pub.dev/source_span-1.10.0/lib/src/span_exception.dart
DA:11,0
DA:18,0
DA:21,0
DA:30,0
DA:32,0
DA:33,0
DA:43,0
DA:44,0
DA:46,0
DA:66,0
DA:68,0
DA:80,0
DA:82,0
DA:86,0
DA:89,0
DA:93,0
DA:94,0
DA:98,0
DA:108,0
DA:109,0
DA:111,0
LF:21
LH:0
end_of_record
SF:/root/.pub-cache/hosted/pub.dev/string_scanner-1.3.0/lib/src/relative_span_scanner.dart
DA:30,0
DA:32,0
DA:33,0
DA:35,0
DA:37,0
DA:39,0
DA:40,0
DA:41,0
DA:45,0
DA:46,0
DA:48,0
DA:50,0
DA:51,0
DA:55,0
DA:58,0
DA:59,0
DA:62,0
DA:64,0
DA:66,0
DA:67,0
DA:69,0
DA:70,0
DA:71,0
DA:72,0
DA:74,0
DA:76,0
DA:77,0
DA:78,0
DA:81,0
DA:83,0
DA:86,0
DA:89,0
DA:90,0
DA:93,0
DA:95,0
DA:96,0
DA:100,0
DA:101,0
DA:105,0
DA:107,0
DA:109,0
DA:110,0
DA:111,0
DA:113,0
DA:114,0
DA:115,0
DA:126,0
DA:127,0
DA:128,0
DA:129,0
DA:131,0
LF:51
LH:0
end_of_record
SF:/root/.pub-cache/hosted/pub.dev/stream_channel-2.1.2/lib/src/isolate_channel.dart
DA:43,0
DA:47,0
DA:48,0
DA:50,0
DA:51,0
DA:53,0
DA:54,0
DA:55,0
DA:57,0
DA:64,0
DA:66,0
DA:68,0
DA:69,0
DA:70,0
DA:71,0
DA:73,0
DA:74,0
DA:78,0
DA:79,0
DA:80,0
DA:81,0
DA:82,0
DA:97,6
DA:98,6
DA:99,12
DA:100,6
DA:105,6
DA:107,6
DA:108,24
DA:109,12
DA:110,24
DA:111,30
DA:114,6
LF:33
LH:11
end_of_record
SF:/root/.pub-cache/hosted/pub.dev/stream_channel-2.1.2/lib/src/close_guarantee_channel.dart
DA:17,0
DA:18,0
DA:21,0
DA:22,0
DA:31,0
DA:32,0
DA:33,0
DA:48,0
DA:50,0
DA:55,0
DA:60,0
DA:62,0
DA:63,0
DA:77,0
DA:79,0
DA:81,0
DA:82,0
DA:83,0
DA:86,0
DA:87,0
LF:20
LH:0
end_of_record
SF:/root/.pub-cache/hosted/pub.dev/async-2.11.0/lib/src/delegate/stream_sink.dart
DA:14,0
DA:15,0
DA:18,0
DA:20,0
DA:28,0
DA:31,0
DA:33,0
DA:35,0
DA:38,0
DA:40,0
DA:43,0
DA:44,0
DA:46,0
DA:47,0
LF:14
LH:0
end_of_record
SF:/root/.pub-cache/hosted/pub.dev/stream_channel-2.1.2/lib/src/delegating_stream_channel.dart
DA:17,0
DA:18,0
DA:19,0
DA:20,0
DA:22,0
LF:5
LH:0
end_of_record
SF:/root/.pub-cache/hosted/pub.dev/stream_channel-2.1.2/lib/src/disconnector.dart
DA:22,0
DA:36,0
DA:37,0
DA:38,0
DA:39,0
DA:43,0
DA:45,0
DA:46,0
DA:48,0
DA:51,0
DA:53,0
DA:66,0
DA:67,0
DA:84,0
DA:86,0
DA:88,0
DA:90,0
DA:91,0
DA:92,0
DA:94,0
DA:96,0
DA:99,0
DA:101,0
DA:102,0
DA:103,0
DA:105,0
DA:107,0
DA:110,0
DA:112,0
DA:113,0
DA:114,0
DA:116,0
DA:118,0
DA:119,0
DA:120,0
DA:121,0
DA:122,0
DA:123,0
DA:127,0
DA:129,0
DA:130,0
DA:133,0
DA:134,0
DA:141,0
DA:142,0
DA:143,0
DA:145,0
DA:146,0
DA:147,0
DA:148,0
LF:50
LH:0
end_of_record
SF:/root/.pub-cache/hosted/pub.dev/stream_channel-2.1.2/lib/src/stream_channel_transformer.dart
DA:36,0
DA:43,0
DA:44,0
DA:45,0
DA:54,0
DA:55,0
DA:56,0
DA:57,0
LF:8
LH:0
end_of_record
SF:/root/.pub-cache/hosted/pub.dev/stream_channel-2.1.2/lib/src/guarantee_channel.dart
DA:15,6
DA:16,12
DA:18,6
DA:19,6
DA:35,6
DA:37,12
DA:41,6
DA:43,0
DA:46,12
DA:47,6
DA:50,6
DA:52,24
DA:53,12
DA:54,0
DA:55,0
DA:65,0
DA:66,0
DA:67,0
DA:68,0
DA:69,0
DA:84,0
DA:85,0
DA:106,12
DA:114,6
DA:117,6
DA:119,6
DA:120,6
DA:121,0
DA:123,6
DA:125,12
DA:128,0
DA:130,0
DA:131,0
DA:132,0
DA:134,0
DA:136,0
DA:143,0
DA:144,0
DA:145,0
DA:149,0
DA:152,0
DA:153,0
DA:157,0
DA:160,6
DA:162,6
DA:163,6
DA:164,0
DA:166,6
DA:168,12
DA:169,24
DA:170,18
DA:171,18
DA:172,0
DA:173,0
DA:177,0
DA:179,0
DA:180,0
DA:183,0
DA:184,0
DA:186,0
DA:187,0
DA:188,0
DA:191,0
DA:198,0
DA:199,0
DA:200,0
DA:202,0
DA:203,0
DA:204,0
DA:205,0
LF:70
LH:27
end_of_record
SF:/root/.pub-cache/hosted/pub.dev/stream_channel-2.1.2/lib/src/json_document_transformer.dart
DA:20,0
DA:24,6
DA:26,0
DA:28,0
DA:29,0
DA:30,0
DA:31,0
DA:32,0
DA:33,0
LF:9
LH:1
end_of_record
SF:/root/.pub-cache/hosted/pub.dev/stream_channel-2.1.2/lib/src/multi_channel.dart
DA:63,12
DA:93,6
DA:94,18
DA:95,6
DA:96,18
DA:135,6
DA:138,18
DA:139,24
DA:140,30
DA:141,0
DA:143,36
DA:144,12
DA:148,12
DA:150,12
DA:154,0
DA:155,0
DA:158,12
DA:159,24
DA:165,0
DA:168,6
DA:169,24
DA:172,6
DA:181,6
DA:186,12
DA:187,6
DA:188,12
DA:193,6
DA:194,0
DA:198,12
DA:201,0
DA:202,12
DA:203,12
DA:204,0
DA:206,6
DA:207,12
DA:210,18
DA:211,30
DA:212,0
DA:213,6
DA:214,24
DA:219,0
DA:220,0
DA:221,0
DA:222,0
DA:224,0
DA:228,0
DA:229,0
DA:233,0
DA:234,0
DA:235,0
DA:236,0
DA:240,0
DA:241,0
DA:243,0
DA:269,6
DA:271,0
DA:272,0
LF:57
LH:33
end_of_record
SF:/root/.pub-cache/hosted/pub.dev/stream_channel-2.1.2/lib/src/stream_channel_completer.dart
DA:22,0
DA:36,0
DA:37,0
DA:38,0
DA:39,0
DA:42,0
DA:43,0
DA:52,0
DA:53,0
DA:54,0
DA:56,0
DA:57,0
DA:67,0
DA:68,0
DA:69,0
DA:71,0
DA:72,0
LF:17
LH:0
end_of_record
SF:/root/.pub-cache/hosted/pub.dev/stream_channel-2.1.2/lib/src/stream_channel_controller.dart
DA:35,12
DA:42,12
DA:55,6
DA:56,6
DA:57,6
DA:58,12
DA:59,12
DA:60,12
DA:61,12
LF:9
LH:9
end_of_record
SF:/root/.pub-cache/hosted/pub.dev/stack_trace-1.11.1/lib/src/chain.dart
DA:19,0
DA:50,0
DA:51,0
DA:77,6
DA:83,0
DA:88,6
DA:89,0
DA:90,0
DA:94,0
DA:95,0
DA:97,0
DA:101,0
DA:109,0
DA:110,0
DA:111,0
DA:112,0
DA:120,0
DA:122,0
DA:124,0
DA:132,0
DA:143,0
DA:144,0
DA:146,0
DA:147,0
DA:150,0
DA:151,0
DA:152,0
DA:164,0
DA:165,0
DA:166,0
DA:167,0
DA:168,0
DA:176,0
DA:177,0
DA:178,0
DA:179,0
DA:180,0
DA:181,0
DA:182,0
DA:184,0
DA:186,0
DA:190,0
DA:201,0
DA:216,0
DA:218,0
DA:219,0
DA:221,0
DA:222,0
DA:228,0
DA:233,0
DA:234,0
DA:237,0
DA:244,0
DA:246,0
DA:249,0
DA:250,0
DA:251,0
DA:252,0
DA:253,0
DA:257,0
DA:258,0
DA:259,0
DA:260,0
DA:261,0
DA:262,0
LF:65
LH:2
end_of_record
SF:/root/.pub-cache/hosted/pub.dev/stack_trace-1.11.1/lib/src/frame.dart
DA:13,0
DA:20,0
DA:21,0
DA:25,0
DA:31,0
DA:32,0
DA:36,0
DA:37,0
DA:44,0
DA:63,0
DA:67,0
DA:69,0
DA:96,0
DA:103,0
DA:104,0
DA:105,0
DA:110,0
DA:111,0
DA:112,0
DA:116,0
DA:117,0
DA:118,0
DA:119,0
DA:127,0
DA:128,0
DA:129,0
DA:133,0
DA:137,0
DA:140,0
DA:141,0
DA:144,0
DA:145,0
DA:149,0
DA:150,0
DA:151,0
DA:152,0
DA:153,0
DA:154,0
DA:156,0
DA:158,0
DA:160,0
DA:161,0
DA:165,0
DA:166,0
DA:167,0
DA:171,0
DA:172,0
DA:174,0
DA:175,0
DA:178,0
DA:179,0
DA:182,0
DA:183,0
DA:185,0
DA:186,0
DA:187,0
DA:188,0
DA:189,0
DA:193,0
DA:197,0
DA:198,0
DA:199,0
DA:200,0
DA:201,0
DA:202,0
DA:206,0
DA:211,0
DA:217,0
DA:224,0
DA:225,0
DA:226,0
DA:227,0
DA:228,0
DA:229,0
DA:230,0
DA:231,0
DA:234,0
DA:238,0
DA:239,0
DA:240,0
DA:242,0
DA:243,0
DA:247,0
DA:249,0
DA:251,0
DA:252,0
DA:253,0
DA:257,0
DA:262,0
DA:264,0
DA:265,0
DA:270,0
DA:274,0
DA:277,0
DA:280,0
DA:281,0
DA:283,0
DA:284,0
DA:289,0
DA:290,0
DA:291,0
DA:294,0
DA:295,0
DA:298,0
DA:299,0
DA:300,0
DA:304,0
DA:307,0
DA:311,0
DA:312,0
DA:313,0
DA:314,0
DA:315,0
DA:316,0
DA:317,0
DA:323,0
DA:324,0
DA:331,0
DA:333,0
DA:334,0
DA:335,0
DA:339,0
DA:341,0
DA:342,0
LF:124
LH:0
end_of_record
SF:/root/.pub-cache/hosted/pub.dev/stack_trace-1.11.1/lib/src/lazy_chain.dart
DA:20,0
DA:22,0
DA:23,0
DA:24,0
DA:25,0
DA:26,0
DA:28,0
DA:29,0
DA:30,0
DA:31,0
DA:32,0
LF:11
LH:0
end_of_record
SF:/root/.pub-cache/hosted/pub.dev/stack_trace-1.11.1/lib/src/stack_zone_specification.dart
DA:37,0
DA:40,0
DA:64,0
DA:68,0
DA:69,0
DA:70,0
DA:71,0
DA:72,0
DA:73,0
DA:80,0
DA:87,0
DA:88,0
DA:89,0
DA:91,0
DA:96,0
DA:97,0
DA:99,0
DA:101,0
DA:104,0
DA:110,0
DA:112,0
DA:113,0
DA:114,0
DA:119,0
DA:124,0
DA:125,0
DA:126,0
DA:127,0
DA:132,0
DA:134,0
DA:136,0
DA:137,0
DA:138,0
DA:143,0
DA:145,0
DA:146,0
DA:150,0
DA:151,0
DA:152,0
DA:161,0
DA:164,0
DA:166,0
DA:173,0
DA:175,0
DA:179,0
DA:181,0
DA:184,0
DA:185,0
DA:194,0
DA:195,0
DA:203,0
DA:204,0
DA:205,0
DA:207,0
DA:212,0
DA:215,0
DA:221,0
DA:222,0
DA:223,0
DA:224,0
DA:225,0
DA:228,0
DA:235,0
DA:236,0
DA:237,0
DA:238,0
DA:250,0
DA:253,0
DA:254,0
DA:257,0
DA:258,0
DA:260,0
LF:72
LH:0
end_of_record
SF:/root/.pub-cache/hosted/pub.dev/stack_trace-1.11.1/lib/src/trace.dart
DA:14,0
DA:22,0
DA:28,0
DA:37,0
DA:52,0
DA:64,0
DA:65,0
DA:79,0
DA:80,0
DA:81,0
DA:82,0
DA:90,0
DA:91,0
DA:92,0
DA:96,0
DA:97,0
DA:98,0
DA:101,0
DA:102,0
DA:110,0
DA:111,0
DA:112,0
DA:113,0
DA:121,0
DA:123,0
DA:124,0
DA:125,0
DA:126,0
DA:127,0
DA:128,0
DA:130,0
DA:131,0
DA:132,0
DA:138,0
DA:139,0
DA:140,0
DA:145,0
DA:147,0
DA:151,0
DA:152,0
DA:153,0
DA:154,0
DA:156,0
DA:157,0
DA:160,0
DA:163,0
DA:164,0
DA:171,0
DA:172,0
DA:174,0
DA:175,0
DA:179,0
DA:180,0
DA:184,0
DA:185,0
DA:187,0
DA:188,0
DA:189,0
DA:196,0
DA:199,0
DA:200,0
DA:202,0
DA:203,0
DA:204,0
DA:205,0
DA:209,0
DA:212,0
DA:213,0
DA:216,0
DA:218,0
DA:220,0
DA:221,0
DA:222,0
DA:223,0
DA:230,0
DA:231,0
DA:232,0
DA:233,0
DA:235,0
DA:236,0
DA:238,0
DA:239,0
DA:243,0
DA:244,0
DA:245,0
DA:252,0
DA:268,0
DA:281,0
DA:284,0
DA:285,0
DA:287,0
DA:288,0
DA:297,0
DA:298,0
DA:302,0
DA:303,0
DA:304,0
DA:305,0
DA:306,0
DA:307,0
DA:312,0
DA:313,0
DA:314,0
DA:315,0
DA:316,0
DA:318,0
DA:319,0
DA:323,0
DA:326,0
DA:330,0
DA:333,0
DA:334,0
DA:335,0
DA:336,0
LF:114
LH:0
end_of_record
SF:/root/.pub-cache/hosted/pub.dev/stack_trace-1.11.1/lib/src/utils.dart
DA:11,0
LF:1
LH:0
end_of_record
SF:/root/.pub-cache/hosted/pub.dev/stack_trace-1.11.1/lib/src/unparsed_frame.dart
DA:29,0
DA:31,0
DA:32,0
LF:3
LH:0
end_of_record
SF:/root/.pub-cache/hosted/pub.dev/stack_trace-1.11.1/lib/src/lazy_trace.dart
DA:18,0
DA:20,0
DA:21,0
DA:22,0
DA:23,0
DA:24,0
DA:25,0
DA:26,0
DA:27,0
DA:28,0
DA:30,0
DA:31,0
DA:32,0
LF:13
LH:0
end_of_record
SF:/root/.pub-cache/hosted/pub.dev/stack_trace-1.11.1/lib/src/vm_trace.dart
DA:16,0
DA:18,0
DA:21,0
DA:22,0
DA:23,0
DA:24,0
DA:25,0
DA:26,0
DA:27,0
DA:28,0
DA:29,0
DA:30,0
LF:12
LH:0
end_of_record
SF:/root/.pub-cache/hosted/pub.dev/source_span-1.10.0/lib/src/file.dart
DA:41,0
DA:47,0
DA:50,0
DA:63,0
DA:64,0
DA:69,0
DA:70,0
DA:81,0
DA:82,0
DA:83,0
DA:84,0
DA:85,0
DA:86,0
DA:88,0
DA:89,0
DA:91,0
DA:98,0
DA:99,0
DA:100,0
DA:104,0
DA:107,0
DA:108,0
DA:109,0
DA:110,0
DA:111,0
DA:112,0
DA:115,0
DA:116,0
DA:118,0
DA:120,0
DA:121,0
DA:128,0
DA:129,0
DA:130,0
DA:133,0
DA:136,0
DA:137,0
DA:142,0
DA:143,0
DA:144,0
DA:154,0
DA:156,0
DA:157,0
DA:158,0
DA:159,0
DA:162,0
DA:173,0
DA:174,0
DA:175,0
DA:176,0
DA:177,0
DA:178,0
DA:182,0
DA:183,0
DA:184,0
DA:185,0
DA:186,0
DA:187,0
DA:190,0
DA:191,0
DA:192,0
DA:195,0
DA:201,0
DA:204,0
DA:205,0
DA:206,0
DA:207,0
DA:208,0
DA:209,0
DA:210,0
DA:213,0
DA:214,0
DA:215,0
DA:216,0
DA:225,0
DA:226,0
DA:242,0
DA:243,0
DA:245,0
DA:246,0
DA:248,0
DA:249,0
DA:251,0
DA:252,0
DA:253,0
DA:254,0
DA:255,0
DA:256,0
DA:260,0
DA:261,0
DA:310,0
DA:311,0
DA:313,0
DA:314,0
DA:316,0
DA:317,0
DA:319,0
DA:320,0
DA:322,0
DA:323,0
DA:325,0
DA:327,0
DA:328,0
DA:331,0
DA:336,0
DA:339,0
DA:341,0
DA:342,0
DA:345,0
DA:346,0
DA:349,0
DA:353,0
DA:356,0
DA:359,0
DA:360,0
DA:361,0
DA:362,0
DA:363,0
DA:364,0
DA:365,0
DA:366,0
DA:370,0
DA:372,0
DA:374,0
DA:375,0
DA:378,0
DA:380,0
DA:382,0
DA:384,0
DA:385,0
DA:386,0
DA:389,0
DA:390,0
DA:397,0
DA:399,0
DA:400,0
DA:401,0
DA:404,0
DA:405,0
DA:406,0
DA:409,0
DA:410,0
DA:416,0
DA:418,0
DA:419,0
DA:420,0
DA:423,0
DA:424,0
DA:425,0
DA:426,0
DA:428,0
DA:429,0
DA:430,0
DA:435,0
DA:436,0
DA:437,0
DA:438,0
DA:446,0
DA:447,0
DA:448,0
DA:450,0
DA:451,0
DA:452,0
LF:163
LH:0
end_of_record
SF:/root/.pub-cache/hosted/pub.dev/source_span-1.10.0/lib/src/location.dart
DA:34,0
DA:35,0
DA:36,0
DA:45,0
DA:47,0
DA:50,0
DA:51,0
DA:52,0
DA:53,0
DA:54,0
DA:55,0
DA:62,0
DA:63,0
DA:64,0
DA:65,0
DA:67,0
DA:71,0
DA:76,0
DA:78,0
DA:79,0
DA:80,0
DA:82,0
DA:85,0
DA:87,0
DA:88,0
DA:89,0
DA:91,0
DA:92,0
DA:94,0
DA:95,0
DA:101,0
LF:31
LH:0
end_of_record
SF:/root/.pub-cache/hosted/pub.dev/source_span-1.10.0/lib/src/location_mixin.dart
DA:17,0
DA:19,0
DA:20,0
DA:23,0
DA:25,0
DA:26,0
DA:27,0
DA:29,0
DA:32,0
DA:33,0
DA:35,0
DA:37,0
DA:38,0
DA:39,0
DA:41,0
DA:44,0
DA:46,0
DA:47,0
DA:48,0
DA:50,0
DA:51,0
DA:53,0
DA:54,0
LF:23
LH:0
end_of_record
SF:/root/.pub-cache/hosted/pub.dev/source_span-1.10.0/lib/src/span.dart
DA:40,0
DA:41,0
DA:103,0
DA:104,0
DA:105,0
DA:106,0
DA:107,0
DA:108,0
DA:109,0
DA:110,0
DA:140,0
DA:143,0
DA:144,0
DA:145,0
DA:147,0
DA:148,0
DA:152,0
DA:176,0
DA:178,0
DA:182,0
DA:186,0
DA:187,0
DA:188,0
DA:190,0
DA:191,0
LF:25
LH:0
end_of_record
SF:/root/.pub-cache/hosted/pub.dev/source_span-1.10.0/lib/src/span_mixin.dart
DA:19,0
DA:20,0
DA:22,0
DA:23,0
DA:25,0
DA:27,0
DA:28,0
DA:31,0
DA:33,0
DA:34,0
DA:35,0
DA:38,0
DA:39,0
DA:40,0
DA:41,0
DA:43,0
DA:44,0
DA:47,0
DA:48,0
DA:49,0
DA:52,0
DA:54,0
DA:55,0
DA:56,0
DA:57,0
DA:59,0
DA:60,0
DA:62,0
DA:63,0
DA:66,0
DA:69,0
DA:71,0
DA:72,0
DA:75,0
DA:77,0
DA:79,0
DA:80,0
DA:82,0
DA:83,0
LF:39
LH:0
end_of_record
SF:/root/.pub-cache/hosted/pub.dev/source_span-1.10.0/lib/src/span_with_context.dart
DA:13,0
DA:24,0
DA:26,0
DA:27,0
DA:28,0
DA:31,0
DA:32,0
DA:33,0
DA:43,0
DA:44,0
DA:45,0
DA:47,0
DA:48,0
DA:49,0
LF:14
LH:0
end_of_record
SF:/root/.pub-cache/hosted/pub.dev/source_span-1.10.0/lib/src/highlighter.dart
DA:61,0
DA:62,0
DA:63,0
DA:64,0
DA:66,0
DA:83,0
DA:86,0
DA:87,0
DA:88,0
DA:89,0
DA:90,0
DA:95,0
DA:96,0
DA:97,0
DA:101,0
DA:104,0
DA:107,0
DA:108,0
DA:109,0
DA:110,0
DA:111,0
DA:115,0
DA:116,0
DA:117,0
DA:118,0
DA:119,0
DA:120,0
DA:129,0
DA:133,0
DA:134,0
DA:135,0
DA:136,0
DA:137,0
DA:140,0
DA:141,0
DA:142,0
DA:146,0
DA:147,0
DA:148,0
DA:151,0
DA:152,0
DA:155,0
DA:157,0
DA:158,0
DA:160,0
DA:161,0
DA:163,0
DA:168,0
DA:170,0
DA:172,0
DA:174,0
DA:175,0
DA:176,0
DA:177,0
DA:179,0
DA:181,0
DA:185,0
DA:191,0
DA:192,0
DA:199,0
DA:201,0
DA:202,0
DA:203,0
DA:204,0
DA:205,0
DA:206,0
DA:207,0
DA:208,0
DA:209,0
DA:210,0
DA:211,0
DA:219,0
DA:220,0
DA:221,0
DA:222,0
DA:223,0
DA:224,0
DA:228,0
DA:229,0
DA:230,0
DA:231,0
DA:234,0
DA:235,0
DA:238,0
DA:239,0
DA:240,0
DA:241,0
DA:243,0
DA:244,0
DA:245,0
DA:246,0
DA:248,0
DA:250,0
DA:254,0
DA:255,0
DA:256,0
DA:257,0
DA:261,0
DA:262,0
DA:267,0
DA:268,0
DA:269,0
DA:271,0
DA:272,0
DA:274,0
DA:276,0
DA:285,0
DA:295,0
DA:296,0
DA:297,0
DA:299,0
DA:300,0
DA:301,0
DA:302,0
DA:304,0
DA:305,0
DA:306,0
DA:307,0
DA:308,0
DA:311,0
DA:312,0
DA:316,0
DA:319,0
DA:322,0
DA:323,0
DA:325,0
DA:326,0
DA:327,0
DA:328,0
DA:329,0
DA:333,0
DA:334,0
DA:335,0
DA:336,0
DA:337,0
DA:340,0
DA:341,0
DA:344,0
DA:351,0
DA:353,0
DA:354,0
DA:356,0
DA:363,0
DA:365,0
DA:366,0
DA:367,0
DA:368,0
DA:369,0
DA:370,0
DA:372,0
DA:373,0
DA:374,0
DA:375,0
DA:376,0
DA:378,0
DA:379,0
DA:380,0
DA:381,0
DA:383,0
DA:384,0
DA:385,0
DA:386,0
DA:388,0
DA:389,0
DA:390,0
DA:391,0
DA:392,0
DA:396,0
DA:397,0
DA:398,0
DA:400,0
DA:401,0
DA:403,0
DA:405,0
DA:408,0
DA:410,0
DA:411,0
DA:417,0
DA:418,0
DA:419,0
DA:420,0
DA:422,0
DA:423,0
DA:427,0
DA:428,0
DA:429,0
DA:430,0
DA:432,0
DA:433,0
DA:434,0
DA:441,0
DA:443,0
DA:444,0
DA:445,0
DA:446,0
DA:460,0
DA:462,0
DA:464,0
DA:468,0
DA:469,0
DA:470,0
DA:471,0
DA:473,0
DA:474,0
DA:475,0
DA:476,0
DA:477,0
DA:478,0
DA:480,0
DA:484,0
DA:485,0
DA:486,0
DA:492,0
DA:493,0
DA:494,0
DA:495,0
DA:497,0
DA:507,0
DA:508,0
DA:512,0
DA:513,0
DA:514,0
DA:515,0
DA:516,0
DA:521,0
DA:523,0
DA:524,0
DA:530,0
DA:531,0
DA:532,0
DA:539,0
DA:540,0
DA:541,0
DA:542,0
DA:566,0
DA:567,0
DA:568,0
DA:569,0
DA:570,0
DA:571,0
DA:572,0
DA:574,0
DA:582,0
DA:583,0
DA:584,0
DA:586,0
DA:587,0
DA:588,0
DA:589,0
DA:590,0
DA:591,0
DA:592,0
DA:593,0
DA:594,0
DA:598,0
DA:599,0
DA:600,0
DA:602,0
DA:603,0
DA:604,0
DA:605,0
DA:609,0
DA:610,0
DA:611,0
DA:612,0
DA:613,0
DA:614,0
DA:615,0
DA:616,0
DA:623,0
DA:625,0
DA:629,0
DA:631,0
DA:632,0
DA:633,0
DA:634,0
DA:635,0
DA:636,0
DA:637,0
DA:640,0
DA:641,0
DA:642,0
DA:643,0
DA:644,0
DA:647,0
DA:652,0
DA:653,0
DA:654,0
DA:656,0
DA:658,0
DA:659,0
DA:660,0
DA:661,0
DA:662,0
DA:663,0
DA:667,0
DA:668,0
DA:669,0
DA:674,0
DA:675,0
DA:677,0
DA:678,0
DA:680,0
DA:682,0
DA:687,0
DA:688,0
DA:689,0
DA:690,0
DA:691,0
DA:693,0
DA:695,0
DA:696,0
DA:697,0
DA:698,0
DA:699,0
DA:700,0
DA:723,0
DA:725,0
DA:726,0
LF:319
LH:0
end_of_record
SF:/root/.pub-cache/hosted/pub.dev/source_span-1.10.0/lib/src/utils.dart
DA:12,0
DA:13,0
DA:17,0
DA:18,0
DA:22,0
DA:23,0
DA:24,0
DA:25,0
DA:26,0
DA:34,0
DA:37,0
DA:38,0
DA:39,0
DA:40,0
DA:44,0
DA:45,0
DA:46,0
DA:47,0
DA:50,0
DA:54,0
DA:56,0
DA:57,0
DA:66,0
DA:69,0
DA:72,0
DA:73,0
DA:74,0
DA:79,0
DA:80,0
DA:84,0
DA:85,0
DA:87,0
DA:88,0
DA:89,0
DA:90,0
DA:102,0
DA:103,0
DA:104,0
DA:105,0
DA:106,0
DA:110,0
DA:111,0
DA:112,0
DA:115,0
DA:116,0
DA:117,0
DA:120,0
DA:124,0
DA:125,0
DA:128,0
DA:129,0
DA:132,0
DA:133,0
DA:134,0
DA:137,0
DA:138,0
DA:140,0
DA:141,0
DA:144,0
LF:59
LH:0
end_of_record
SF:/app/s2geometry_dart/lib/s2geometry.dart
DA:15,1
DA:69,1
DA:70,1
DA:71,2
DA:72,1
DA:73,1
DA:74,1
DA:76,3
DA:77,1
DA:78,1
DA:81,1
DA:83,1
DA:86,1
DA:90,3
DA:91,1
DA:93,4
DA:94,4
DA:98,2
DA:99,1
DA:100,2
DA:101,1
DA:104,4
DA:118,1
DA:119,1
DA:138,1
DA:139,1
DA:140,1
DA:141,2
DA:142,1
DA:143,2
DA:152,1
DA:154,7
DA:167,1
DA:168,6
DA:169,1
DA:170,2
DA:171,1
DA:195,1
DA:196,1
DA:197,1
DA:198,1
DA:199,1
DA:200,1
DA:201,1
DA:204,2
DA:205,10
DA:206,1
DA:207,2
DA:208,2
DA:221,0
DA:222,0
DA:223,0
DA:234,1
DA:235,7
DA:236,3
DA:247,0
DA:248,0
DA:249,0
DA:292,1
DA:293,1
DA:294,1
DA:295,8
DA:296,1
DA:298,0
DA:299,0
DA:300,0
DA:301,0
DA:302,0
DA:303,0
DA:304,0
DA:305,0
DA:306,0
DA:310,1
DA:311,2
DA:312,2
DA:313,1
DA:315,1
DA:316,3
DA:317,3
DA:318,3
DA:319,3
DA:369,1
DA:374,0
DA:375,2
DA:376,0
DA:380,3
DA:381,2
DA:382,1
DA:386,3
DA:387,3
DA:388,1
DA:390,1
DA:392,1
DA:394,3
DA:395,1
DA:398,1
DA:411,1
DA:412,1
DA:413,6
DA:450,1
DA:451,1
DA:453,3
DA:454,0
DA:457,1
DA:458,1
DA:459,1
DA:460,3
DA:462,2
DA:463,2
DA:465,2
DA:466,1
DA:469,2
DA:479,1
DA:480,1
DA:481,1
DA:491,1
DA:492,1
DA:493,1
DA:506,1
DA:507,3
DA:508,0
DA:510,3
DA:514,0
DA:515,0
DA:516,0
DA:552,1
DA:553,1
DA:554,1
DA:555,1
DA:556,2
DA:558,1
DA:560,1
DA:561,2
DA:562,1
DA:563,2
DA:567,1
DA:569,1
DA:570,0
DA:572,2
DA:573,0
DA:576,2
DA:585,1
DA:586,2
DA:595,1
DA:596,1
LF:145
LH:121
end_of_record
SF:/app/s2geometry_dart/lib/src/latlng_s2point.dart
DA:38,2
DA:40,4
DA:41,4
DA:44,8
DA:45,2
DA:49,6
DA:50,10
DA:55,0
DA:57,0
DA:86,2
DA:89,4
DA:90,4
DA:92,2
DA:94,2
DA:95,4
DA:96,4
DA:97,2
DA:102,2
DA:105,20
DA:106,6
DA:108,6
LF:21
LH:19
end_of_record
SF:/app/s2geometry_dart/lib/src/st_uv.dart
DA:14,2
DA:15,2
DA:16,5
DA:18,14
DA:27,2
DA:28,10
DA:41,2
DA:42,2
DA:43,4
DA:45,10
DA:55,2
DA:56,10
LF:12
LH:12
end_of_record
SF:/app/s2geometry_dart/lib/src/ij.dart
DA:17,2
DA:18,2
DA:21,2
DA:23,4
DA:24,6
DA:27,10
DA:41,2
DA:42,2
DA:44,2
DA:45,8
DA:46,8
DA:70,2
DA:71,2
DA:72,2
DA:73,2
DA:74,2
DA:75,8
DA:76,8
DA:80,2
DA:81,4
DA:82,2
LF:21
LH:21
end_of_record
SF:/app/s2geometry_dart/lib/src/hilbert_curve.dart
DA:34,2
DA:36,2
DA:37,1
DA:49,4
DA:50,2
DA:53,6
DA:54,2
DA:56,4
DA:57,4
DA:59,2
DA:61,6
DA:62,4
DA:63,2
DA:65,0
LF:14
LH:13
end_of_record
SF:/root/.pub-cache/hosted/pub.dev/path-1.9.0/lib/src/context.dart
DA:14,0
DA:28,0
DA:31,0
DA:38,0
DA:39,0
DA:40,0
DA:44,0
DA:48,0
DA:49,0
DA:52,0
DA:62,0
DA:66,0
DA:77,0
DA:92,0
DA:112,0
DA:116,0
DA:129,0
DA:139,0
DA:140,0
DA:150,0
DA:151,0
DA:152,0
DA:153,0
DA:154,0
DA:155,0
DA:156,0
DA:157,0
DA:158,0
DA:184,0
DA:185,0
DA:203,0
DA:217,0
DA:223,0
DA:233,0
DA:248,0
DA:264,0
DA:282,0
DA:283,0
DA:300,0
DA:301,0
DA:305,0
DA:306,0
DA:309,0
DA:310,0
DA:311,0
DA:312,0
DA:313,0
DA:314,0
DA:316,0
DA:317,0
DA:318,0
DA:319,0
DA:321,0
DA:322,0
DA:324,0
DA:327,0
DA:330,0
DA:335,0
DA:338,0
DA:364,0
DA:365,0
DA:367,0
DA:368,0
DA:369,0
DA:384,0
DA:385,0
DA:386,0
DA:388,0
DA:389,0
DA:390,0
DA:401,0
DA:402,0
DA:404,0
DA:405,0
DA:406,0
DA:410,0
DA:412,0
DA:419,0
DA:420,0
DA:426,0
DA:427,0
DA:428,0
DA:433,0
DA:434,0
DA:435,0
DA:437,0
DA:440,0
DA:446,0
DA:448,0
DA:449,0
DA:462,0
DA:465,0
DA:467,0
DA:468,0
DA:507,0
DA:509,0
DA:511,0
DA:514,0
DA:515,0
DA:520,0
DA:521,0
DA:526,0
DA:527,0
DA:530,0
DA:531,0
DA:533,0
DA:534,0
DA:541,0
DA:542,0
DA:543,0
DA:544,0
DA:548,0
DA:549,0
DA:550,0
DA:551,0
DA:552,0
DA:553,0
DA:554,0
DA:560,0
DA:561,0
DA:563,0
DA:564,0
DA:565,0
DA:566,0
DA:569,0
DA:573,0
DA:574,0
DA:575,0
DA:576,0
DA:577,0
DA:578,0
DA:582,0
DA:583,0
DA:585,0
DA:594,0
DA:595,0
DA:602,0
DA:603,0
DA:609,0
DA:613,0
DA:614,0
DA:616,0
DA:617,0
DA:619,0
DA:620,0
DA:622,0
DA:623,0
DA:626,0
DA:628,0
DA:632,0
DA:633,0
DA:637,0
DA:638,0
DA:644,0
DA:645,0
DA:646,0
DA:647,0
DA:648,0
DA:649,0
DA:656,0
DA:659,0
DA:661,0
DA:662,0
DA:670,0
DA:676,0
DA:677,0
DA:678,0
DA:679,0
DA:695,0
DA:696,0
DA:697,0
DA:698,0
DA:699,0
DA:704,0
DA:705,0
DA:710,0
DA:711,0
DA:713,0
DA:715,0
DA:716,0
DA:717,0
DA:727,0
DA:728,0
DA:732,0
DA:733,0
DA:736,0
DA:738,0
DA:744,0
DA:745,0
DA:746,0
DA:747,0
DA:758,0
DA:759,0
DA:760,0
DA:761,0
DA:763,0
DA:764,0
DA:768,0
DA:769,0
DA:770,0
DA:771,0
DA:781,0
DA:782,0
DA:786,0
DA:787,0
DA:800,0
DA:801,0
DA:802,0
DA:805,0
DA:808,0
DA:809,0
DA:810,0
DA:818,0
DA:827,0
DA:835,0
DA:845,0
DA:846,0
DA:864,0
DA:868,0
DA:870,0
DA:871,0
DA:875,0
DA:879,0
DA:880,0
DA:884,0
DA:886,0
DA:887,0
DA:888,0
DA:890,0
DA:893,0
DA:897,0
DA:900,0
DA:904,0
DA:907,0
DA:910,0
DA:911,0
DA:920,0
DA:923,0
DA:925,0
DA:928,0
DA:929,0
DA:930,0
DA:937,0
DA:941,0
DA:942,0
DA:947,0
DA:952,0
DA:960,0
DA:962,0
DA:966,0
DA:973,0
DA:974,0
DA:975,0
DA:981,0
DA:982,0
DA:983,0
DA:993,0
DA:994,0
DA:996,0
DA:997,0
DA:998,0
DA:1003,0
DA:1017,0
DA:1018,0
DA:1040,0
DA:1058,0
DA:1059,0
DA:1060,0
DA:1062,0
DA:1091,0
DA:1092,0
DA:1093,0
DA:1094,0
DA:1095,0
DA:1096,0
DA:1097,0
DA:1098,0
DA:1101,0
DA:1102,0
DA:1107,0
DA:1110,0
DA:1116,0
DA:1117,0
DA:1118,0
DA:1119,0
DA:1124,0
DA:1125,0
DA:1127,0
DA:1130,0
DA:1131,0
DA:1135,0
DA:1136,0
DA:1137,0
DA:1138,0
DA:1139,0
DA:1140,0
DA:1141,0
DA:1142,0
DA:1168,6
DA:1170,0
DA:1171,0
DA:1197,6
DA:1199,0
DA:1200,0
LF:304
LH:2
end_of_record
SF:/root/.pub-cache/hosted/pub.dev/path-1.9.0/lib/src/style.dart
DA:14,0
DA:19,0
DA:27,0
DA:33,0
DA:36,0
DA:41,0
DA:42,0
DA:43,0
DA:44,0
DA:51,0
DA:83,0
DA:84,0
LF:12
LH:0
end_of_record
SF:/root/.pub-cache/hosted/pub.dev/path-1.9.0/lib/src/path_exception.dart
DA:10,0
DA:12,0
DA:13,0
LF:3
LH:0
end_of_record
SF:/root/.pub-cache/hosted/pub.dev/path-1.9.0/lib/src/path_map.dart
DA:15,0
DA:23,0
DA:24,0
DA:27,0
DA:28,0
DA:29,0
DA:30,0
DA:33,0
DA:35,0
DA:36,0
LF:10
LH:0
end_of_record
SF:/root/.pub-cache/hosted/pub.dev/path-1.9.0/lib/src/path_set.dart
DA:18,0
DA:26,0
DA:27,0
DA:30,0
DA:31,0
DA:32,0
DA:33,0
DA:36,0
DA:38,0
DA:39,0
DA:46,0
DA:47,0
DA:49,0
DA:50,0
DA:52,0
DA:53,0
DA:55,0
DA:56,0
DA:58,0
DA:59,0
DA:61,0
DA:62,0
DA:64,0
DA:65,0
DA:67,0
DA:68,0
DA:70,0
DA:71,0
DA:73,0
DA:74,0
DA:76,0
DA:77,0
DA:79,0
DA:80,0
DA:82,0
DA:83,0
DA:85,0
DA:86,0
DA:88,0
DA:89,0
DA:91,0
DA:92,0
DA:94,0
DA:95,0
DA:97,0
DA:98,0
LF:46
LH:0
end_of_record
SF:/root/.pub-cache/hosted/pub.dev/path-1.9.0/lib/src/internal_style.dart
DA:45,0
DA:47,0
DA:48,0
DA:49,0
DA:62,0
DA:64,0
DA:65,0
DA:69,0
DA:70,0
DA:79,0
DA:85,0
DA:87,0
DA:89,0
LF:13
LH:0
end_of_record
SF:/root/.pub-cache/hosted/pub.dev/path-1.9.0/lib/src/parsed_path.dart
DA:36,0
DA:39,0
DA:41,0
DA:43,0
DA:44,0
DA:45,0
DA:48,0
DA:49,0
DA:53,0
DA:54,0
DA:57,0
DA:60,0
DA:61,0
DA:62,0
DA:63,0
DA:64,0
DA:69,0
DA:70,0
DA:71,0
DA:74,0
DA:77,0
DA:80,0
DA:81,0
DA:82,0
DA:83,0
DA:84,0
DA:87,0
DA:89,0
DA:90,0
DA:92,0
DA:93,0
DA:94,0
DA:95,0
DA:97,0
DA:100,0
DA:103,0
DA:104,0
DA:105,0
DA:107,0
DA:109,0
DA:110,0
DA:113,0
DA:116,0
DA:121,0
DA:122,0
DA:126,0
DA:127,0
DA:131,0
DA:132,0
DA:133,0
DA:134,0
DA:135,0
DA:139,0
DA:140,0
DA:141,0
DA:143,0
DA:146,0
DA:148,0
DA:149,0
DA:150,0
DA:151,0
DA:152,0
DA:154,0
DA:156,0
DA:163,0
DA:165,0
DA:166,0
DA:168,0
DA:169,0
DA:187,0
DA:188,0
DA:189,0
DA:194,0
DA:196,0
DA:197,0
DA:199,0
DA:203,0
DA:205,0
DA:208,0
DA:209,0
LF:80
LH:0
end_of_record
SF:/root/.pub-cache/hosted/pub.dev/path-1.9.0/lib/src/style/posix.dart
DA:25,0
DA:28,0
DA:29,0
DA:31,0
DA:32,0
DA:34,0
DA:36,0
DA:38,0
DA:40,0
DA:44,0
DA:47,0
DA:50,0
DA:52,0
DA:53,0
DA:55,0
DA:58,0
DA:60,0
DA:61,0
DA:65,0
DA:66,0
DA:69,0
DA:72,0
LF:22
LH:0
end_of_record
SF:/root/.pub-cache/hosted/pub.dev/path-1.9.0/lib/src/style/url.dart
DA:28,0
DA:29,0
DA:31,0
DA:32,0
DA:34,0
DA:36,0
DA:39,0
DA:43,0
DA:46,0
DA:48,0
DA:49,0
DA:51,0
DA:52,0
DA:53,0
DA:54,0
DA:55,0
DA:59,0
DA:60,0
DA:61,0
DA:65,0
DA:66,0
DA:67,0
DA:74,0
DA:76,0
DA:78,0
DA:79,0
DA:81,0
DA:82,0
DA:84,0
DA:85,0
DA:86,0
DA:87,0
LF:32
LH:0
end_of_record
SF:/root/.pub-cache/hosted/pub.dev/path-1.9.0/lib/src/style/windows.dart
DA:33,0
DA:34,0
DA:36,0
DA:38,0
DA:40,0
DA:42,0
DA:43,0
DA:46,0
DA:48,0
DA:49,0
DA:50,0
DA:51,0
DA:54,0
DA:55,0
DA:56,0
DA:57,0
DA:59,0
DA:63,0
DA:65,0
DA:67,0
DA:69,0
DA:73,0
DA:74,0
DA:76,0
DA:78,0
DA:79,0
DA:83,0
DA:85,0
DA:86,0
DA:89,0
DA:90,0
DA:94,0
DA:95,0
DA:99,0
DA:101,0
DA:104,0
DA:106,0
DA:107,0
DA:112,0
DA:113,0
DA:115,0
DA:118,0
DA:121,0
DA:122,0
DA:130,0
DA:131,0
DA:136,0
DA:137,0
DA:139,0
DA:143,0
DA:145,0
DA:148,0
DA:149,0
DA:153,0
DA:156,0
DA:157,0
DA:160,0
DA:163,0
DA:164,0
DA:165,0
DA:172,0
DA:174,0
DA:175,0
DA:176,0
DA:177,0
DA:180,0
DA:181,0
LF:67
LH:0
end_of_record
SF:/root/.pub-cache/hosted/pub.dev/path-1.9.0/lib/src/utils.dart
DA:9,0
DA:10,0
DA:11,0
DA:14,0
DA:18,0
DA:19,0
DA:32,0
DA:33,0
DA:34,0
DA:35,0
DA:37,0
DA:38,0
DA:43,0
DA:45,0
DA:46,0
DA:47,0
LF:16
LH:0
end_of_record
SF:/root/.pub-cache/hosted/pub.dev/matcher-0.12.16+1/lib/src/expect/future_matchers.dart
DA:26,0
DA:39,0
DA:41,0
DA:46,6
DA:49,0
DA:51,0
DA:53,0
DA:54,0
DA:57,0
DA:58,0
DA:61,0
DA:62,0
DA:63,0
DA:64,0
DA:65,0
DA:68,0
DA:69,0
DA:70,0
DA:71,0
DA:75,0
DA:77,0
DA:78,0
DA:80,0
DA:91,0
DA:94,6
DA:96,0
DA:98,0
DA:102,0
DA:104,0
DA:105,0
DA:106,0
DA:109,0
DA:113,0
DA:116,0
LF:34
LH:2
end_of_record
SF:/root/.pub-cache/hosted/pub.dev/matcher-0.12.16+1/lib/src/expect/never_called.dart
DA:27,0
DA:40,0
DA:42,0
DA:43,0
DA:54,0
DA:55,0
DA:56,0
DA:58,0
DA:60,0
DA:61,0
DA:62,0
DA:65,0
LF:12
LH:0
end_of_record
SF:/root/.pub-cache/hosted/pub.dev/matcher-0.12.16+1/lib/src/expect/prints_matcher.dart
DA:25,0
DA:30,0
DA:34,0
DA:36,0
DA:38,0
DA:39,0
DA:40,0
DA:41,0
DA:44,0
DA:45,0
DA:46,0
DA:49,0
DA:51,0
DA:55,0
DA:56,0
DA:57,0
DA:59,0
DA:60,0
DA:61,0
DA:63,0
DA:64,0
DA:65,0
DA:67,0
DA:69,0
DA:70,0
LF:25
LH:0
end_of_record
SF:/root/.pub-cache/hosted/pub.dev/matcher-0.12.16+1/lib/src/expect/stream_matcher.dart
DA:119,0
DA:121,0
DA:122,0
DA:124,0
DA:128,0
DA:130,0
DA:131,0
DA:139,0
DA:140,0
DA:141,0
DA:145,0
DA:151,0
DA:152,0
DA:154,0
DA:155,0
DA:158,0
DA:159,0
DA:161,0
DA:164,0
DA:165,0
DA:167,0
DA:168,0
DA:169,0
DA:170,0
DA:172,0
DA:173,0
DA:175,0
DA:177,0
DA:178,0
DA:179,0
DA:180,0
DA:181,0
DA:182,0
DA:185,0
DA:186,0
DA:191,0
DA:193,0
DA:196,0
LF:38
LH:0
end_of_record
SF:/root/.pub-cache/hosted/pub.dev/matcher-0.12.16+1/lib/src/expect/stream_matchers.dart
DA:16,0
DA:17,0
DA:28,0
DA:29,0
DA:30,0
DA:32,0
DA:34,0
DA:35,0
DA:37,0
DA:38,0
DA:39,0
DA:41,0
DA:42,0
DA:44,0
DA:45,0
DA:48,0
DA:53,0
DA:54,0
DA:55,0
DA:56,0
DA:58,0
DA:59,0
DA:61,0
DA:69,0
DA:70,0
DA:71,0
DA:72,0
DA:73,0
DA:75,0
DA:87,0
DA:88,0
DA:89,0
DA:90,0
DA:93,0
DA:94,0
DA:95,0
DA:97,0
DA:98,0
DA:103,0
DA:110,0
DA:112,0
DA:113,0
DA:114,0
DA:118,0
DA:128,0
DA:130,0
DA:133,0
DA:136,0
DA:139,0
DA:141,0
DA:144,0
DA:145,0
DA:146,0
DA:147,0
DA:148,0
DA:149,0
DA:152,0
DA:155,0
DA:157,0
DA:167,0
DA:168,0
DA:169,0
DA:171,0
DA:172,0
DA:174,0
DA:175,0
DA:176,0
DA:177,0
DA:180,0
DA:181,0
DA:182,0
DA:183,0
DA:197,0
DA:198,0
DA:199,0
DA:200,0
DA:202,0
DA:203,0
DA:205,0
DA:209,0
DA:210,0
DA:211,0
DA:216,0
DA:218,0
DA:221,0
DA:222,0
DA:223,0
DA:224,0
DA:228,0
DA:237,0
DA:238,0
DA:240,0
DA:241,0
DA:242,0
DA:244,0
DA:245,0
DA:257,0
DA:258,0
DA:259,0
DA:262,0
DA:263,0
DA:264,0
DA:267,0
DA:270,0
DA:276,0
DA:281,0
DA:282,0
DA:283,0
DA:289,0
DA:290,0
DA:292,0
DA:312,0
DA:313,0
DA:314,0
DA:315,0
DA:316,0
DA:318,0
DA:319,0
DA:324,0
DA:326,0
DA:327,0
DA:330,0
DA:338,0
DA:339,0
DA:341,0
DA:350,0
DA:351,0
DA:354,0
DA:364,0
DA:370,0
DA:371,0
DA:374,0
LF:132
LH:0
end_of_record
SF:/root/.pub-cache/hosted/pub.dev/matcher-0.12.16+1/lib/src/core_matchers.dart
DA:14,6
DA:16,0
DA:17,0
DA:19,0
DA:20,0
DA:27,6
DA:29,0
DA:30,0
DA:32,0
DA:33,0
DA:43,6
DA:44,0
DA:46,0
DA:47,0
DA:51,6
DA:52,0
DA:54,0
DA:55,0
DA:65,6
DA:66,0
DA:67,0
DA:68,0
DA:69,0
DA:73,6
DA:74,0
DA:75,0
DA:76,0
DA:77,0
DA:87,6
DA:88,0
DA:90,0
DA:91,0
DA:92,0
DA:96,6
DA:97,0
DA:99,0
DA:100,0
DA:101,0
DA:106,0
DA:110,0
DA:111,0
DA:112,0
DA:114,0
DA:116,0
DA:123,6
DA:124,0
DA:126,0
DA:127,0
DA:136,0
DA:148,6
DA:150,0
DA:153,0
DA:156,0
DA:161,0
DA:163,0
DA:165,0
DA:168,0
DA:170,0
DA:184,0
DA:188,0
DA:190,0
DA:193,0
DA:194,0
DA:200,0
DA:202,0
DA:204,0
DA:208,0
DA:209,0
DA:211,0
DA:223,0
DA:228,0
DA:230,0
DA:232,0
DA:233,0
DA:234,0
DA:235,0
DA:236,0
DA:237,0
DA:239,0
DA:241,0
DA:242,0
DA:247,0
DA:249,0
DA:251,0
DA:254,0
DA:255,0
DA:256,0
DA:259,0
DA:266,0
DA:267,0
DA:268,0
DA:269,0
DA:270,0
DA:271,0
DA:272,0
DA:275,0
DA:283,0
DA:285,0
DA:286,0
DA:288,0
DA:290,0
DA:310,0
DA:312,0
DA:318,0
DA:320,0
DA:321,0
DA:323,0
DA:325,0
LF:108
LH:10
end_of_record
SF:/root/.pub-cache/hosted/pub.dev/matcher-0.12.16+1/lib/src/custom_matcher.dart
DA:38,0
DA:40,0
DA:43,0
DA:45,0
DA:48,0
DA:49,0
DA:50,0
DA:52,0
DA:53,0
DA:54,0
DA:55,0
DA:56,0
DA:57,0
DA:58,0
DA:59,0
DA:61,0
DA:67,0
DA:69,0
DA:71,0
DA:74,0
DA:76,0
DA:77,0
DA:78,0
DA:79,0
DA:84,0
DA:85,0
DA:86,0
DA:87,0
DA:88,0
DA:90,0
DA:91,0
DA:93,0
DA:94,0
LF:33
LH:0
end_of_record
SF:/root/.pub-cache/hosted/pub.dev/matcher-0.12.16+1/lib/src/description.dart
DA:15,0
DA:16,0
DA:19,0
DA:20,0
DA:23,0
DA:24,0
DA:27,0
DA:29,0
DA:34,0
DA:36,0
DA:37,0
DA:44,0
DA:46,0
DA:47,0
DA:49,0
DA:57,0
DA:61,0
DA:62,0
DA:64,0
DA:66,0
DA:69,0
LF:21
LH:0
end_of_record
SF:/root/.pub-cache/hosted/pub.dev/matcher-0.12.16+1/lib/src/equals_matcher.dart
DA:18,12
DA:19,1
DA:20,6
DA:28,1
DA:30,1
DA:31,2
DA:33,0
DA:35,0
DA:37,0
DA:40,0
DA:41,0
DA:42,0
DA:43,0
DA:44,0
DA:45,0
DA:46,0
DA:48,0
DA:49,0
DA:53,0
DA:54,0
DA:55,0
DA:57,0
DA:59,0
DA:61,0
DA:64,0
DA:65,0
DA:66,0
DA:67,0
DA:68,0
DA:69,0
DA:70,0
DA:71,0
DA:72,0
DA:74,0
DA:77,0
DA:80,0
DA:81,0
DA:82,0
DA:83,0
DA:85,0
DA:89,0
DA:90,0
DA:91,0
DA:93,0
DA:94,0
DA:103,6
DA:105,5
DA:107,5
DA:108,5
DA:109,5
DA:110,5
DA:112,5
DA:113,5
DA:119,5
DA:121,0
DA:124,0
DA:128,15
DA:133,0
DA:137,0
DA:139,0
DA:140,0
DA:142,0
DA:143,0
DA:144,0
DA:145,0
DA:148,0
DA:149,0
DA:150,0
DA:154,0
DA:155,0
DA:156,0
DA:157,0
DA:162,0
DA:166,6
DA:169,6
DA:170,1
DA:171,1
DA:172,0
DA:173,0
DA:174,0
DA:175,0
DA:176,0
DA:177,0
DA:183,6
DA:186,0
DA:189,0
DA:190,0
DA:194,10
DA:195,0
DA:200,5
DA:201,5
DA:202,0
DA:203,0
DA:204,5
DA:205,5
DA:206,10
DA:207,1
DA:208,1
DA:209,0
DA:211,3
DA:214,2
DA:215,1
DA:216,0
DA:219,0
DA:220,0
DA:221,0
DA:225,2
DA:226,1
DA:227,0
DA:230,0
DA:231,0
DA:232,0
DA:236,2
DA:237,1
DA:238,4
DA:248,0
DA:249,0
DA:250,0
DA:253,0
DA:257,6
DA:259,12
DA:261,0
DA:265,0
DA:267,0
DA:269,0
DA:272,0
DA:273,0
DA:274,0
DA:276,0
DA:277,0
DA:278,0
DA:279,0
DA:282,0
DA:283,0
DA:291,0
DA:292,0
DA:295,0
DA:321,0
DA:324,0
DA:325,0
LF:140
LH:39
end_of_record
SF:/root/.pub-cache/hosted/pub.dev/matcher-0.12.16+1/lib/src/interfaces.dart
DA:35,54
DA:57,0
LF:2
LH:1
end_of_record
SF:/root/.pub-cache/hosted/pub.dev/matcher-0.12.16+1/lib/src/iterable_matchers.dart
DA:13,0
DA:14,0
DA:19,0
DA:21,0
DA:24,0
DA:25,0
DA:26,0
DA:29,0
DA:34,0
DA:36,0
DA:38,0
DA:41,0
DA:42,0
DA:43,0
DA:45,0
DA:46,0
DA:47,0
DA:48,0
DA:49,0
DA:50,0
DA:51,0
DA:52,0
DA:54,0
DA:55,0
DA:57,0
DA:61,0
DA:67,0
DA:68,0
DA:73,0
DA:75,0
DA:77,0
DA:79,0
DA:81,0
DA:88,0
DA:94,0
DA:96,0
DA:98,0
DA:100,0
DA:102,0
DA:104,0
DA:107,0
DA:117,0
DA:122,0
DA:123,0
DA:124,0
DA:126,0
DA:128,0
DA:129,0
DA:130,0
DA:136,0
DA:144,0
DA:150,0
DA:151,0
DA:154,0
DA:156,0
DA:157,0
DA:158,0
DA:159,0
DA:162,0
DA:163,0
DA:164,0
DA:165,0
DA:166,0
DA:172,0
DA:173,0
DA:174,0
DA:177,0
DA:178,0
DA:179,0
DA:180,0
DA:181,0
DA:182,0
DA:183,0
DA:185,0
DA:186,0
DA:187,0
DA:189,0
DA:190,0
DA:196,0
DA:198,0
DA:200,0
DA:202,0
DA:203,0
DA:204,0
DA:206,0
DA:209,0
DA:216,0
DA:218,0
DA:222,0
DA:225,0
DA:226,0
DA:227,0
DA:228,0
DA:232,0
DA:233,0
DA:246,0
DA:248,0
DA:257,0
DA:259,0
DA:261,0
DA:262,0
DA:264,0
DA:265,0
DA:266,0
DA:267,0
DA:268,0
DA:271,0
DA:276,0
DA:278,0
DA:280,0
DA:283,0
DA:285,0
DA:288,0
DA:289,0
DA:290,0
DA:291,0
DA:292,0
DA:314,0
DA:319,0
DA:321,0
DA:322,0
DA:324,0
DA:335,0
DA:340,0
DA:342,0
DA:343,0
DA:345,0
DA:346,0
DA:347,0
DA:349,0
DA:350,0
DA:351,0
DA:352,0
DA:353,0
DA:356,0
DA:358,0
DA:360,0
DA:362,0
DA:363,0
DA:364,0
DA:366,0
DA:369,0
DA:374,0
DA:379,0
DA:381,0
DA:382,0
DA:383,0
DA:384,0
DA:385,0
DA:387,0
DA:390,0
DA:391,0
DA:392,0
DA:393,0
DA:394,0
DA:396,0
DA:397,0
DA:398,0
DA:399,0
DA:400,0
DA:401,0
DA:404,0
DA:406,0
DA:408,0
DA:410,0
DA:412,0
DA:415,0
LF:167
LH:0
end_of_record
SF:/root/.pub-cache/hosted/pub.dev/matcher-0.12.16+1/lib/src/map_matchers.dart
DA:9,0
DA:14,0
DA:16,0
DA:18,0
DA:19,0
DA:21,0
DA:26,0
DA:27,0
DA:33,0
DA:35,0
DA:37,0
DA:38,0
DA:40,0
DA:43,0
DA:44,0
DA:45,0
DA:46,0
DA:49,0
DA:52,0
DA:54,0
DA:55,0
DA:58,0
DA:59,0
DA:60,0
DA:61,0
DA:62,0
LF:26
LH:0
end_of_record
SF:/root/.pub-cache/hosted/pub.dev/matcher-0.12.16+1/lib/src/numeric_matchers.dart
DA:13,8
DA:18,4
DA:20,4
DA:22,8
DA:23,7
DA:24,8
DA:27,0
DA:29,0
DA:30,0
DA:31,0
DA:32,0
DA:34,0
DA:37,0
DA:38,0
DA:39,0
DA:45,0
DA:49,0
DA:50,0
DA:54,0
DA:55,0
DA:59,0
DA:60,0
DA:66,0
DA:69,0
DA:71,0
DA:74,0
DA:75,0
DA:77,0
DA:78,0
DA:81,0
DA:84,0
DA:86,0
DA:87,0
DA:88,0
LF:34
LH:6
end_of_record
SF:/root/.pub-cache/hosted/pub.dev/matcher-0.12.16+1/lib/src/operator_matchers.dart
DA:9,0
DA:14,0
DA:16,0
DA:18,0
DA:20,0
DA:22,0
DA:31,0
DA:38,0
DA:44,0
DA:46,0
DA:48,0
DA:49,0
DA:50,0
DA:57,0
DA:60,0
DA:61,0
DA:62,0
DA:66,0
DA:68,0
DA:81,2
DA:88,4
DA:94,2
DA:96,2
DA:98,4
DA:99,2
DA:106,0
DA:108,0
DA:111,2
DA:114,2
DA:121,0
DA:127,0
DA:130,4
LF:32
LH:9
end_of_record
SF:/root/.pub-cache/hosted/pub.dev/matcher-0.12.16+1/lib/src/order_matchers.dart
DA:9,0
DA:10,0
DA:14,0
DA:19,0
DA:20,0
DA:24,0
DA:25,0
DA:72,6
DA:77,0
DA:79,0
DA:80,0
DA:81,0
DA:82,0
DA:83,0
DA:84,0
DA:90,0
DA:92,0
DA:94,0
DA:95,0
DA:96,0
DA:98,0
DA:102,0
DA:105,0
DA:106,0
LF:24
LH:1
end_of_record
SF:/root/.pub-cache/hosted/pub.dev/matcher-0.12.16+1/lib/src/string_matchers.dart
DA:10,0
DA:16,0
DA:18,0
DA:20,0
DA:22,0
DA:24,0
DA:26,0
DA:46,0
DA:47,0
DA:52,0
DA:53,0
DA:55,0
DA:57,0
DA:59,0
DA:61,0
DA:63,0
DA:67,0
DA:68,0
DA:69,0
DA:75,0
DA:80,0
DA:82,0
DA:83,0
DA:85,0
DA:87,0
DA:92,0
DA:97,0
DA:99,0
DA:100,0
DA:102,0
DA:104,0
DA:113,0
DA:114,0
DA:119,0
DA:121,0
DA:124,0
DA:125,0
DA:126,0
DA:127,0
DA:132,0
DA:133,0
DA:134,0
DA:142,0
DA:147,0
DA:148,0
DA:149,0
DA:150,0
DA:152,0
DA:154,0
DA:155,0
DA:157,0
DA:159,0
DA:164,0
DA:165,0
DA:167,0
DA:168,0
DA:169,0
DA:171,0
DA:175,0
DA:179,0
DA:182,0
DA:183,0
LF:62
LH:0
end_of_record
SF:/root/.pub-cache/hosted/pub.dev/matcher-0.12.16+1/lib/src/type_matcher.dart
DA:18,2
DA:62,34
DA:84,0
DA:87,0
DA:89,0
DA:91,0
DA:92,0
DA:95,5
DA:96,5
DA:98,0
DA:101,0
DA:102,0
DA:106,0
DA:114,0
DA:115,0
LF:15
LH:4
end_of_record
SF:/root/.pub-cache/hosted/pub.dev/matcher-0.12.16+1/lib/src/util.dart
DA:21,0
DA:22,0
DA:25,0
DA:26,0
DA:27,0
DA:28,0
DA:29,0
DA:37,6
DA:38,6
DA:40,5
DA:42,0
DA:43,5
DA:47,0
DA:49,5
DA:57,0
DA:58,0
DA:59,0
DA:60,0
DA:62,0
DA:67,0
DA:68,0
DA:69,0
LF:22
LH:5
end_of_record
SF:/root/.pub-cache/hosted/pub.dev/matcher-0.12.16+1/lib/src/feature_matcher.dart
DA:12,10
DA:14,4
DA:16,8
DA:20,0
DA:23,0
DA:24,0
DA:28,0
DA:31,0
LF:8
LH:3
end_of_record
SF:/root/.pub-cache/hosted/pub.dev/matcher-0.12.16+1/lib/src/pretty_print.dart
DA:18,0
DA:19,0
DA:22,0
DA:23,0
DA:24,0
DA:25,0
DA:29,0
DA:30,0
DA:31,0
DA:33,0
DA:35,0
DA:38,0
DA:39,0
DA:40,0
DA:45,0
DA:47,0
DA:48,0
DA:53,0
DA:54,0
DA:55,0
DA:56,0
DA:58,0
DA:59,0
DA:60,0
DA:63,0
DA:64,0
DA:69,0
DA:71,0
DA:72,0
DA:77,0
DA:78,0
DA:79,0
DA:80,0
DA:83,0
DA:84,0
DA:85,0
DA:86,0
DA:88,0
DA:89,0
DA:93,0
DA:98,0
DA:99,0
DA:100,0
DA:101,0
DA:102,0
DA:103,0
DA:108,0
DA:113,0
DA:116,0
DA:120,0
DA:121,0
DA:122,0
DA:123,0
DA:124,0
DA:125,0
DA:133,0
LF:56
LH:0
end_of_record
SF:/root/.pub-cache/hosted/pub.dev/matcher-0.12.16+1/lib/src/expect/async_matcher.dart
DA:23,18
DA:36,0
DA:38,0
DA:39,0
DA:41,0
DA:42,0
DA:48,0
DA:49,0
DA:50,0
DA:52,0
DA:54,0
DA:56,0
DA:57,0
DA:64,0
DA:67,0
LF:15
LH:1
end_of_record
SF:/root/.pub-cache/hosted/pub.dev/matcher-0.12.16+1/lib/src/expect/util/pretty_print.dart
DA:12,0
DA:13,0
DA:14,0
DA:15,0
DA:17,0
DA:20,0
DA:21,0
DA:23,0
DA:24,0
DA:31,0
DA:32,0
DA:35,0
DA:38,0
DA:44,0
DA:45,0
DA:47,0
LF:16
LH:0
end_of_record
SF:/root/.pub-cache/hosted/pub.dev/matcher-0.12.16+1/lib/src/expect/util/placeholder.dart
DA:11,6
LF:1
LH:1
end_of_record
SF:/root/.pub-cache/hosted/pub.dev/matcher-0.12.16+1/lib/src/having_matcher.dart
DA:16,0
DA:18,0
DA:19,0
DA:22,0
DA:28,0
DA:29,0
DA:30,0
DA:33,0
DA:36,0
DA:37,0
DA:39,0
DA:41,0
DA:42,0
DA:43,0
DA:50,0
DA:53,0
DA:54,0
DA:55,0
DA:59,0
DA:61,0
DA:62,0
DA:63,0
DA:64,0
DA:70,0
DA:71,0
DA:73,0
DA:74,0
LF:27
LH:0
end_of_record
SF:/root/.pub-cache/hosted/pub.dev/collection-1.19.0/lib/src/algorithms.dart
DA:21,0
DA:24,0
DA:36,0
DA:39,0
DA:42,0
DA:43,0
DA:44,0
DA:45,0
DA:46,0
DA:47,0
DA:48,0
DA:49,0
DA:54,0
DA:70,0
DA:72,0
DA:89,0
DA:92,0
DA:95,0
DA:96,0
DA:97,0
DA:98,0
DA:99,0
DA:100,0
DA:101,0
DA:117,0
DA:118,0
DA:119,0
DA:120,0
DA:121,0
DA:122,0
DA:123,0
DA:124,0
DA:125,0
DA:126,0
DA:131,0
DA:132,0
DA:133,0
DA:137,0
DA:138,0
DA:139,0
DA:140,0
DA:141,0
DA:160,0
DA:165,0
DA:167,0
DA:170,0
DA:171,0
DA:172,0
DA:173,0
DA:174,0
DA:177,0
DA:180,0
DA:181,0
DA:189,0
DA:192,0
DA:193,0
DA:214,0
DA:216,0
DA:219,0
DA:220,0
DA:221,0
DA:222,0
DA:231,0
DA:232,0
DA:233,0
DA:235,0
DA:236,0
DA:237,0
DA:238,0
DA:240,0
DA:251,0
DA:254,0
DA:255,0
DA:256,0
DA:257,0
DA:258,0
DA:267,0
DA:268,0
DA:269,0
DA:271,0
DA:272,0
DA:273,0
DA:274,0
DA:275,0
DA:283,0
DA:291,0
DA:292,0
DA:293,0
DA:294,0
DA:295,0
DA:296,0
DA:298,0
DA:299,0
DA:300,0
DA:301,0
DA:304,0
DA:307,0
DA:308,0
DA:319,0
DA:327,0
DA:328,0
DA:329,0
DA:333,0
DA:334,0
DA:335,0
DA:337,0
DA:339,0
DA:341,0
DA:343,0
DA:344,0
DA:355,0
DA:367,0
DA:368,0
DA:371,0
DA:372,0
DA:373,0
DA:374,0
DA:376,0
DA:377,0
DA:378,0
DA:379,0
DA:380,0
DA:382,0
DA:383,0
DA:384,0
DA:385,0
DA:389,0
DA:390,0
DA:396,0
DA:397,0
DA:398,0
DA:407,0
DA:409,0
DA:410,0
DA:420,0
DA:423,0
DA:424,0
DA:427,0
DA:430,0
DA:431,0
DA:432,0
DA:433,0
DA:434,0
DA:437,0
DA:438,0
DA:439,0
DA:440,0
DA:441,0
DA:442,0
DA:443,0
DA:444,0
DA:446,0
DA:448,0
DA:449,0
DA:450,0
DA:452,0
DA:454,0
DA:457,0
DA:458,0
DA:461,0
DA:464,0
DA:466,0
LF:162
LH:0
end_of_record
SF:/root/.pub-cache/hosted/pub.dev/collection-1.19.0/lib/src/boollist.dart
DA:28,0
DA:30,0
DA:32,0
DA:34,0
DA:42,0
DA:43,0
DA:47,0
DA:49,0
DA:53,0
DA:65,0
DA:66,0
DA:69,0
DA:71,0
DA:82,0
DA:87,0
DA:89,0
DA:90,0
DA:91,0
DA:102,0
DA:103,0
DA:116,0
DA:117,0
DA:119,0
DA:121,0
DA:122,0
DA:123,0
DA:127,0
DA:129,0
DA:130,0
DA:133,0
DA:135,0
DA:138,0
DA:139,0
DA:141,0
DA:142,0
DA:144,0
DA:146,0
DA:147,0
DA:148,0
DA:150,0
DA:151,0
DA:152,0
DA:156,0
DA:158,0
DA:167,0
DA:168,0
DA:170,0
DA:172,0
DA:174,0
DA:178,0
DA:179,0
DA:186,0
DA:187,0
DA:188,0
DA:192,0
DA:193,0
DA:194,0
DA:198,0
DA:200,0
DA:201,0
DA:202,0
DA:203,0
DA:204,0
DA:208,0
DA:209,0
DA:210,0
DA:211,0
DA:212,0
DA:214,0
DA:217,0
DA:218,0
DA:219,0
DA:220,0
DA:223,0
DA:224,0
DA:227,0
DA:232,0
DA:233,0
DA:234,0
DA:238,0
DA:239,0
DA:240,0
DA:252,0
DA:254,0
DA:255,0
DA:257,0
DA:259,0
DA:260,0
DA:263,0
DA:264,0
DA:265,0
DA:266,0
DA:270,0
LF:93
LH:0
end_of_record
SF:/root/.pub-cache/hosted/pub.dev/collection-1.19.0/lib/src/canonicalized_map.dart
DA:28,0
DA:42,0
DA:46,0
DA:58,0
DA:63,0
DA:66,0
DA:68,0
DA:73,0
DA:74,0
DA:76,0
DA:78,0
DA:79,0
DA:80,0
DA:83,0
DA:85,0
DA:86,0
DA:89,0
DA:91,0
DA:94,0
DA:95,0
DA:96,0
DA:98,0
DA:99,0
DA:101,0
DA:103,0
DA:106,0
DA:108,0
DA:109,0
DA:112,0
DA:114,0
DA:116,0
DA:118,0
DA:120,0
DA:122,0
DA:125,0
DA:126,0
DA:128,0
DA:129,0
DA:131,0
DA:132,0
DA:134,0
DA:135,0
DA:137,0
DA:139,0
DA:141,0
DA:143,0
DA:144,0
DA:145,0
DA:148,0
DA:150,0
DA:151,0
DA:152,0
DA:155,0
DA:157,0
DA:159,0
DA:160,0
DA:162,0
DA:164,0
DA:165,0
DA:166,0
DA:168,0
DA:171,0
DA:173,0
DA:175,0
DA:176,0
DA:177,0
DA:178,0
DA:180,0
DA:183,0
DA:184,0
DA:186,0
DA:187,0
DA:189,0
DA:190,0
DA:194,0
DA:198,0
DA:199,0
LF:77
LH:0
end_of_record
SF:/root/.pub-cache/hosted/pub.dev/collection-1.19.0/lib/src/combined_wrappers/combined_iterable.dart
DA:21,0
DA:23,0
DA:25,0
DA:30,0
DA:31,0
DA:33,0
DA:34,0
DA:36,0
DA:37,0
LF:9
LH:0
end_of_record
SF:/root/.pub-cache/hosted/pub.dev/collection-1.19.0/lib/src/combined_wrappers/combined_list.dart
DA:20,0
DA:21,0
DA:28,0
DA:30,0
DA:32,0
DA:34,0
DA:36,0
DA:39,0
DA:40,0
DA:42,0
DA:45,0
DA:46,0
DA:47,0
DA:48,0
DA:50,0
DA:52,0
DA:55,0
DA:57,0
DA:60,0
DA:62,0
DA:65,0
DA:67,0
DA:70,0
DA:72,0
DA:75,0
DA:77,0
LF:26
LH:0
end_of_record
SF:/root/.pub-cache/hosted/pub.dev/collection-1.19.0/lib/src/combined_wrappers/combined_map.dart
DA:29,0
DA:31,0
DA:33,0
DA:35,0
DA:36,0
DA:57,0
DA:58,0
DA:59,0
DA:66,0
DA:68,0
DA:69,0
DA:77,0
DA:78,0
DA:80,0
DA:81,0
DA:90,0
DA:92,0
DA:93,0
DA:95,0
DA:97,0
DA:98,0
LF:21
LH:0
end_of_record
SF:/root/.pub-cache/hosted/pub.dev/collection-1.19.0/lib/src/comparators.dart
DA:27,0
DA:28,0
DA:29,0
DA:30,0
DA:31,0
DA:32,0
DA:34,0
DA:37,0
DA:38,0
DA:50,0
DA:56,0
DA:57,0
DA:61,0
DA:62,0
DA:63,0
DA:64,0
DA:66,0
DA:67,0
DA:68,0
DA:85,0
DA:87,0
DA:88,0
DA:89,0
DA:90,0
DA:91,0
DA:95,0
DA:96,0
[...]
DA:66,0
DA:67,0
DA:69,0
DA:71,0
DA:73,0
DA:74,0
DA:76,0
DA:77,0
DA:82,0
DA:83,0
DA:91,0
DA:93,0
DA:94,0
DA:97,0
DA:99,0
DA:100,0
DA:102,0
DA:104,0
DA:106,0
DA:108,0
DA:111,0
DA:113,0
DA:115,0
DA:116,0
DA:121,0
DA:122,0
DA:130,0
DA:132,0
DA:133,0
DA:136,0
DA:138,0
DA:139,0
DA:141,0
DA:143,0
DA:145,0
DA:147,0
DA:150,0
DA:152,0
DA:154,0
DA:155,0
DA:160,0
DA:161,0
DA:172,0
DA:174,0
DA:175,0
DA:176,0
DA:179,0
DA:181,0
DA:182,0
DA:184,0
DA:187,0
DA:188,0
DA:189,0
DA:192,0
DA:194,0
DA:195,0
DA:196,0
DA:197,0
DA:199,0
DA:201,0
DA:206,0
DA:208,0
DA:209,0
LF:77
LH:0
end_of_record
SF:/root/.pub-cache/hosted/pub.dev/boolean_selector-2.1.1/lib/src/visitor.dart
DA:21,0
DA:23,0
DA:26,0
DA:28,0
DA:31,0
DA:33,0
DA:34,0
DA:37,0
DA:39,0
DA:40,0
DA:43,0
DA:45,0
DA:46,0
DA:47,0
LF:14
LH:0
end_of_record
SF:/root/.pub-cache/hosted/pub.dev/boolean_selector-2.1.1/lib/src/evaluator.dart
DA:13,0
DA:15,0
DA:16,0
DA:18,0
DA:19,0
DA:21,0
DA:23,0
DA:25,0
DA:27,0
DA:29,0
DA:30,0
DA:31,0
DA:32,0
LF:13
LH:0
end_of_record
SF:/root/.pub-cache/hosted/pub.dev/boolean_selector-2.1.1/lib/src/intersection_selector.dart
DA:13,0
DA:15,0
DA:16,0
DA:19,0
DA:21,0
DA:23,0
DA:25,0
DA:27,0
DA:29,0
DA:30,0
DA:32,0
DA:34,0
DA:35,0
DA:38,0
DA:39,0
DA:41,0
DA:43,0
DA:44,0
DA:45,0
DA:47,0
DA:48,0
LF:21
LH:0
end_of_record
SF:/root/.pub-cache/hosted/pub.dev/boolean_selector-2.1.1/lib/src/parser.dart
DA:21,0
DA:26,0
DA:27,0
DA:29,0
DA:30,0
DA:31,0
DA:42,0
DA:43,0
DA:44,0
DA:46,0
DA:47,0
DA:48,0
DA:51,0
DA:52,0
DA:59,0
DA:60,0
DA:61,0
DA:62,0
DA:69,0
DA:70,0
DA:71,0
DA:72,0
DA:81,0
DA:82,0
DA:83,0
DA:84,0
DA:85,0
DA:86,0
DA:88,0
DA:89,0
DA:90,0
DA:91,0
DA:92,0
DA:96,0
DA:97,0
DA:100,0
LF:36
LH:0
end_of_record
SF:/root/.pub-cache/hosted/pub.dev/boolean_selector-2.1.1/lib/src/union_selector.dart
DA:13,0
DA:15,0
DA:17,0
DA:19,0
DA:21,0
DA:23,0
DA:25,0
DA:27,0
DA:28,0
DA:30,0
DA:32,0
DA:33,0
DA:36,0
DA:37,0
DA:39,0
DA:41,0
DA:42,0
DA:43,0
DA:45,0
DA:46,0
LF:20
LH:0
end_of_record
SF:/root/.pub-cache/hosted/pub.dev/boolean_selector-2.1.1/lib/src/validator.dart
DA:16,0
DA:18,0
DA:20,0
DA:21,0
LF:4
LH:0
end_of_record
SF:/root/.pub-cache/hosted/pub.dev/boolean_selector-2.1.1/lib/src/scanner.dart
DA:12,0
DA:18,0
DA:24,0
DA:37,0
DA:43,0
DA:49,0
DA:50,0
DA:51,0
DA:52,0
DA:61,0
DA:62,0
DA:63,0
DA:68,0
DA:69,0
DA:71,0
DA:72,0
DA:73,0
DA:76,0
DA:77,0
DA:78,0
DA:79,0
DA:80,0
DA:81,0
DA:82,0
DA:83,0
DA:84,0
DA:85,0
DA:86,0
DA:87,0
DA:88,0
DA:89,0
DA:90,0
DA:92,0
DA:100,0
DA:101,0
DA:102,0
DA:103,0
DA:109,0
DA:110,0
DA:111,0
DA:112,0
DA:118,0
DA:119,0
DA:120,0
DA:121,0
DA:125,0
DA:126,0
DA:127,0
DA:132,0
DA:133,0
DA:134,0
DA:142,0
DA:143,0
DA:145,0
DA:148,0
LF:55
LH:0
end_of_record
SF:/root/.pub-cache/hosted/pub.dev/boolean_selector-2.1.1/lib/src/token.dart
DA:19,0
DA:32,0
DA:34,0
DA:35,0
DA:70,6
DA:72,0
DA:73,0
LF:7
LH:1
end_of_record
SF:/root/.pub-cache/hosted/pub.dev/async-2.11.0/lib/src/async_cache.dart
DA:47,0
DA:54,0
DA:61,0
DA:62,0
DA:63,0
DA:65,0
DA:66,0
DA:82,0
DA:84,0
DA:85,0
DA:87,0
DA:88,0
DA:89,0
DA:90,0
DA:92,0
DA:96,0
DA:98,0
DA:100,0
DA:101,0
DA:102,0
DA:103,0
DA:106,0
DA:107,0
DA:109,0
DA:111,0
LF:25
LH:0
end_of_record
SF:/root/.pub-cache/hosted/pub.dev/async-2.11.0/lib/src/async_memoizer.dart
DA:33,0
DA:37,0
DA:42,0
DA:43,0
DA:44,0
LF:5
LH:0
end_of_record
SF:/root/.pub-cache/hosted/pub.dev/async-2.11.0/lib/src/byte_collector.dart
DA:16,0
DA:17,0
DA:30,0
DA:32,0
DA:34,0
DA:35,0
DA:43,0
DA:45,0
DA:46,0
DA:48,0
DA:49,0
DA:51,0
LF:12
LH:0
end_of_record
SF:/root/.pub-cache/hosted/pub.dev/async-2.11.0/lib/src/cancelable_operation.dart
DA:18,0
DA:32,0
DA:34,0
DA:42,0
DA:43,0
DA:53,0
DA:55,0
DA:56,0
DA:57,0
DA:58,0
DA:59,0
DA:62,0
DA:72,0
DA:74,0
DA:75,0
DA:76,0
DA:82,0
DA:84,0
DA:87,0
DA:88,0
DA:89,0
DA:90,0
DA:91,0
DA:93,0
DA:94,0
DA:99,0
DA:107,0
DA:113,0
DA:115,0
DA:117,0
DA:118,0
DA:119,0
DA:120,0
DA:121,0
DA:122,0
DA:124,0
DA:133,0
DA:134,0
DA:135,0
DA:137,0
DA:138,0
DA:139,0
DA:141,0
DA:172,0
DA:176,0
DA:177,0
DA:181,0
DA:182,0
DA:186,0
DA:187,0
DA:221,0
DA:228,0
DA:246,0
DA:247,0
DA:249,0
DA:251,0
DA:255,0
DA:256,0
DA:257,0
DA:259,0
DA:261,0
DA:265,0
DA:266,0
DA:267,0
DA:268,0
DA:270,0
DA:272,0
DA:275,0
DA:282,0
DA:285,0
DA:292,0
DA:373,0
DA:378,0
DA:383,0
DA:393,0
DA:396,0
DA:410,0
DA:411,0
DA:412,0
DA:414,0
DA:415,0
DA:419,0
DA:421,0
DA:425,0
DA:426,0
DA:427,0
DA:428,0
DA:438,0
DA:440,0
DA:441,0
DA:442,0
DA:443,0
DA:444,0
DA:447,0
DA:448,0
DA:450,0
DA:451,0
DA:452,0
DA:453,0
DA:456,0
DA:464,0
DA:465,0
DA:467,0
DA:476,0
DA:477,0
DA:478,0
DA:479,0
DA:494,0
DA:495,0
DA:496,0
DA:498,0
DA:499,0
DA:500,0
DA:501,0
DA:503,0
LF:115
LH:0
end_of_record
SF:/root/.pub-cache/hosted/pub.dev/async-2.11.0/lib/src/chunked_stream_reader.dart
DA:71,0
DA:72,0
DA:74,0
DA:90,0
DA:91,0
DA:92,0
DA:93,0
DA:114,0
DA:115,0
DA:116,0
DA:117,0
DA:119,0
DA:121,0
DA:123,0
DA:125,0
DA:126,0
DA:127,0
DA:130,0
DA:133,0
DA:134,0
DA:137,0
DA:138,0
DA:139,0
DA:141,0
DA:142,0
DA:143,0
DA:145,0
DA:147,0
DA:150,0
DA:154,0
DA:155,0
DA:156,0
DA:157,0
DA:163,0
DA:164,0
DA:165,0
DA:166,0
DA:167,0
DA:168,0
DA:169,0
DA:173,0
DA:174,0
DA:177,0
DA:178,0
DA:179,0
DA:184,0
DA:185,0
DA:186,0
DA:188,0
DA:191,0
DA:205,0
DA:214,0
DA:215,0
LF:53
LH:0
end_of_record
SF:/root/.pub-cache/hosted/pub.dev/async-2.11.0/lib/src/delegate/event_sink.dart
DA:15,0
DA:17,0
DA:25,0
DA:28,0
DA:30,0
DA:32,0
DA:35,0
DA:37,0
DA:40,0
DA:42,0
LF:10
LH:0
end_of_record
SF:/root/.pub-cache/hosted/pub.dev/async-2.11.0/lib/src/delegate/future.dart
DA:12,0
DA:20,0
DA:22,0
DA:24,0
DA:25,0
DA:27,0
DA:29,0
DA:31,0
DA:33,0
DA:35,0
DA:37,0
DA:39,0
DA:41,0
LF:13
LH:0
end_of_record
SF:/root/.pub-cache/hosted/pub.dev/async-2.11.0/lib/src/delegate/sink.dart
DA:13,0
DA:15,0
DA:23,0
DA:26,0
DA:28,0
DA:30,0
DA:33,0
DA:35,0
LF:8
LH:0
end_of_record
SF:/root/.pub-cache/hosted/pub.dev/async-2.11.0/lib/src/delegate/stream.dart
DA:15,0
DA:24,0
DA:25,0
LF:3
LH:0
end_of_record
SF:/root/.pub-cache/hosted/pub.dev/async-2.11.0/lib/src/delegate/stream_consumer.dart
DA:15,0
DA:17,0
DA:25,0
DA:28,0
DA:30,0
DA:32,0
DA:33,0
DA:35,0
DA:36,0
LF:9
LH:0
end_of_record
SF:/root/.pub-cache/hosted/pub.dev/async-2.11.0/lib/src/delegate/stream_subscription.dart
DA:16,0
DA:26,0
DA:29,0
DA:31,0
DA:33,0
DA:35,0
DA:38,0
DA:40,0
DA:43,0
DA:45,0
DA:48,0
DA:50,0
DA:53,0
DA:55,0
DA:58,0
DA:59,0
DA:61,0
DA:62,0
DA:64,0
DA:65,0
LF:20
LH:0
end_of_record
SF:/root/.pub-cache/hosted/pub.dev/async-2.11.0/lib/src/future_group.dart
DA:26,0
DA:35,0
DA:43,0
DA:56,0
DA:57,0
DA:68,0
DA:70,0
DA:75,0
DA:76,0
DA:78,0
DA:79,0
DA:80,0
DA:82,0
DA:83,0
DA:85,0
DA:86,0
DA:87,0
DA:89,0
DA:90,0
DA:91,0
DA:92,0
DA:93,0
DA:94,0
DA:100,0
DA:102,0
DA:103,0
DA:104,0
DA:105,0
LF:28
LH:0
end_of_record
SF:/root/.pub-cache/hosted/pub.dev/async-2.11.0/lib/src/lazy_stream.dart
DA:21,0
DA:23,0
DA:26,0
DA:29,0
DA:31,0
DA:36,0
DA:37,0
DA:40,0
DA:41,0
DA:46,0
LF:10
LH:0
end_of_record
SF:/root/.pub-cache/hosted/pub.dev/async-2.11.0/lib/src/null_stream_sink.dart
DA:46,0
DA:51,0
DA:52,0
DA:56,0
DA:58,0
DA:60,0
DA:63,0
DA:65,0
DA:68,0
DA:70,0
DA:72,0
DA:73,0
DA:74,0
DA:75,0
DA:81,0
DA:82,0
DA:83,0
DA:84,0
DA:88,0
DA:90,0
DA:91,0
LF:21
LH:0
end_of_record
SF:/root/.pub-cache/hosted/pub.dev/async-2.11.0/lib/src/restartable_timer.dart
DA:28,0
DA:29,0
DA:31,0
DA:32,0
DA:38,0
DA:39,0
DA:40,0
DA:43,0
DA:45,0
DA:53,0
DA:54,0
LF:11
LH:0
end_of_record
SF:/root/.pub-cache/hosted/pub.dev/async-2.11.0/lib/src/result/error.dart
DA:18,0
DA:20,0
DA:22,0
DA:24,0
DA:27,0
DA:28,0
DA:30,0
DA:32,0
DA:35,0
DA:37,0
DA:40,0
DA:41,0
DA:49,0
DA:50,0
DA:51,0
DA:53,0
DA:57,0
DA:58,0
DA:61,0
DA:63,0
DA:64,0
DA:65,0
LF:22
LH:0
end_of_record
SF:/root/.pub-cache/hosted/pub.dev/async-2.11.0/lib/src/result/future.dart
DA:12,0
DA:17,0
DA:20,0
DA:21,0
DA:22,0
LF:5
LH:0
end_of_record
SF:/root/.pub-cache/hosted/pub.dev/async-2.11.0/lib/src/result/result.dart
DA:63,0
DA:65,0
DA:67,0
DA:79,0
DA:80,0
DA:86,0
DA:87,0
DA:97,0
DA:98,0
DA:101,0
DA:102,0
DA:103,0
DA:104,0
DA:105,0
DA:106,0
DA:107,0
DA:108,0
DA:109,0
DA:113,0
DA:116,0
DA:117,0
DA:119,0
DA:120,0
DA:130,0
DA:131,0
DA:137,0
DA:138,0
DA:145,0
DA:146,0
DA:153,0
DA:154,0
DA:163,0
DA:164,0
DA:172,0
DA:173,0
DA:174,0
DA:181,0
DA:182,0
DA:183,0
DA:184,0
DA:185,0
DA:187,0
DA:190,0
LF:43
LH:0
end_of_record
SF:/root/.pub-cache/hosted/pub.dev/async-2.11.0/lib/src/result/value.dart
DA:15,0
DA:17,0
DA:19,0
DA:21,0
DA:24,6
DA:26,6
DA:28,12
DA:31,0
DA:33,0
DA:36,0
DA:37,0
DA:39,0
DA:40,0
DA:42,0
DA:44,0
LF:15
LH:3
end_of_record
SF:/root/.pub-cache/hosted/pub.dev/async-2.11.0/lib/src/single_subscription_transformer.dart
DA:17,0
DA:19,0
DA:23,0
DA:24,0
DA:28,0
DA:29,0
DA:30,0
DA:32,0
DA:33,0
LF:9
LH:0
end_of_record
SF:/root/.pub-cache/hosted/pub.dev/async-2.11.0/lib/src/sink_base.dart
DA:20,0
DA:22,0
DA:24,0
DA:25,0
DA:32,0
DA:34,0
DA:35,0
DA:42,0
DA:43,0
DA:55,0
DA:56,0
DA:71,0
DA:72,0
DA:74,0
DA:76,0
DA:78,0
DA:79,0
DA:80,0
DA:81,0
DA:82,0
DA:84,0
DA:87,0
DA:89,0
DA:90,0
DA:93,0
DA:95,0
DA:96,0
DA:114,0
DA:125,0
DA:126,0
DA:127,0
DA:129,0
DA:130,0
DA:131,0
DA:141,0
DA:142,0
DA:143,0
DA:144,0
DA:148,0
DA:150,0
DA:154,0
DA:157,0
DA:162,0
DA:163,0
DA:164,0
DA:168,0
DA:169,0
LF:47
LH:0
end_of_record
SF:/root/.pub-cache/hosted/pub.dev/async-2.11.0/lib/src/stream_closer.dart
DA:39,0
DA:40,0
DA:41,0
DA:43,0
DA:45,0
DA:46,0
DA:47,0
DA:48,0
DA:49,0
DA:53,0
DA:54,0
DA:58,0
DA:60,0
DA:62,0
DA:63,0
DA:64,0
DA:66,0
DA:67,0
DA:70,0
DA:75,0
DA:76,0
DA:77,0
DA:78,0
DA:79,0
DA:81,0
DA:83,0
DA:84,0
DA:85,0
DA:88,0
DA:89,0
DA:95,0
DA:100,0
DA:101,0
DA:103,0
DA:106,0
LF:35
LH:0
end_of_record
SF:/root/.pub-cache/hosted/pub.dev/async-2.11.0/lib/src/stream_completer.dart
DA:37,0
DA:38,0
DA:39,0
DA:40,0
DA:52,12
DA:76,6
DA:77,12
DA:78,0
DA:80,12
DA:87,0
DA:88,0
DA:89,0
DA:91,0
DA:100,0
DA:101,0
DA:119,6
DA:122,6
DA:123,6
DA:124,6
DA:127,6
DA:130,0
DA:131,0
DA:132,0
DA:135,0
DA:142,12
DA:150,6
DA:151,6
DA:152,6
DA:153,6
DA:155,0
DA:160,0
DA:161,0
DA:163,0
DA:164,0
DA:171,0
DA:172,0
DA:173,0
DA:174,0
DA:175,0
DA:179,0
DA:180,0
LF:41
LH:14
end_of_record
SF:/root/.pub-cache/hosted/pub.dev/async-2.11.0/lib/src/stream_extensions.dart
DA:21,0
DA:22,0
DA:24,0
DA:25,0
DA:26,0
DA:27,0
DA:28,0
DA:29,0
DA:31,0
DA:32,0
DA:33,0
DA:44,0
DA:45,0
DA:46,0
DA:47,0
DA:48,0
DA:50,0
DA:51,0
DA:52,0
DA:55,0
DA:71,0
DA:72,0
DA:73,0
DA:74,0
DA:76,0
DA:77,0
DA:78,0
DA:79,0
LF:28
LH:0
end_of_record
SF:/root/.pub-cache/hosted/pub.dev/async-2.11.0/lib/src/stream_group.dart
DA:33,0
DA:37,0
DA:54,0
DA:74,0
DA:75,0
DA:93,0
DA:94,0
DA:95,0
DA:96,0
DA:97,0
DA:104,0
DA:105,0
DA:106,0
DA:107,0
DA:108,0
DA:112,0
DA:113,0
DA:114,0
DA:115,0
DA:116,0
DA:117,0
DA:122,0
DA:123,0
DA:124,0
DA:139,0
DA:141,0
DA:142,0
DA:145,0
DA:146,0
DA:147,0
DA:151,0
DA:153,0
DA:170,0
DA:171,0
DA:172,0
DA:174,0
DA:175,0
DA:176,0
DA:177,0
DA:178,0
DA:188,0
DA:189,0
DA:191,0
DA:195,0
DA:197,0
DA:199,0
DA:204,0
DA:211,0
DA:212,0
DA:213,0
DA:214,0
DA:219,0
DA:220,0
DA:221,0
DA:222,0
DA:229,0
DA:230,0
DA:232,0
DA:233,0
DA:234,0
DA:236,0
DA:237,0
DA:242,0
DA:243,0
DA:245,0
DA:247,0
DA:248,0
DA:249,0
DA:250,0
DA:253,0
DA:259,0
DA:260,0
DA:262,0
DA:267,0
DA:268,0
DA:269,0
DA:276,0
DA:277,0
DA:278,0
DA:279,0
DA:289,0
DA:291,0
DA:293,0
DA:294,0
DA:296,0
DA:334,6
DA:336,0
DA:337,0
LF:88
LH:1
end_of_record
SF:/root/.pub-cache/hosted/pub.dev/async-2.11.0/lib/src/stream_queue.dart
DA:104,0
DA:118,12
DA:121,6
DA:123,12
DA:124,0
DA:125,0
DA:140,0
DA:141,0
DA:142,0
DA:143,0
DA:144,0
DA:152,0
DA:153,0
DA:154,0
DA:155,0
DA:156,0
DA:157,0
DA:174,6
DA:175,6
DA:176,6
DA:177,6
DA:178,6
DA:185,0
DA:186,0
DA:187,0
DA:188,0
DA:189,0
DA:201,6
DA:202,6
DA:203,6
DA:204,6
DA:205,6
DA:206,6
DA:224,0
DA:225,0
DA:226,0
DA:227,0
DA:228,0
DA:229,0
DA:247,0
DA:248,0
DA:249,0
DA:250,0
DA:251,0
DA:252,0
DA:287,0
DA:288,0
DA:290,0
DA:291,0
DA:292,0
DA:319,0
DA:321,0
DA:323,0
DA:326,0
DA:328,0
DA:332,0
DA:334,0
DA:358,0
DA:360,0
DA:361,0
DA:362,0
DA:365,0
DA:366,0
DA:367,0
DA:370,0
DA:389,0
DA:390,0
DA:391,0
DA:394,0
DA:395,0
DA:396,0
DA:399,0
DA:400,0
DA:417,6
DA:418,12
DA:419,30
DA:420,12
DA:426,6
DA:427,6
DA:437,6
DA:438,6
DA:439,6
DA:440,0
DA:442,6
DA:444,6
DA:446,0
DA:448,6
DA:450,6
DA:451,6
DA:454,6
DA:463,6
DA:464,12
DA:472,6
DA:473,6
DA:474,6
DA:475,24
DA:476,12
DA:477,0
DA:478,0
DA:479,0
DA:480,0
DA:481,0
DA:484,0
DA:489,0
DA:490,0
DA:491,0
DA:492,0
DA:493,0
DA:503,6
DA:504,12
DA:505,12
DA:506,6
DA:511,0
DA:512,0
DA:513,0
DA:520,6
DA:521,6
DA:528,6
DA:529,12
DA:530,18
DA:531,6
DA:533,12
DA:558,0
DA:559,0
DA:566,0
DA:567,0
DA:568,0
DA:581,0
DA:582,0
DA:583,0
DA:584,0
DA:585,0
DA:586,0
DA:588,0
DA:592,0
DA:593,0
DA:596,0
DA:606,0
DA:607,0
DA:608,0
DA:609,0
DA:614,0
DA:615,0
DA:616,0
DA:617,0
DA:620,0
DA:621,0
DA:622,0
DA:623,0
DA:624,0
DA:629,0
DA:630,0
DA:631,0
DA:632,0
DA:633,0
DA:684,6
DA:686,18
DA:688,6
DA:690,6
DA:691,18
DA:695,0
DA:710,0
DA:712,0
DA:714,0
DA:716,0
DA:717,0
DA:721,0
DA:741,0
DA:744,0
DA:746,0
DA:748,0
DA:749,0
DA:753,0
DA:755,0
DA:756,0
DA:757,0
DA:758,0
DA:762,0
DA:781,0
DA:784,0
DA:789,0
DA:791,0
DA:793,0
DA:794,0
DA:799,0
DA:800,0
DA:801,0
DA:804,0
DA:806,0
DA:813,0
DA:815,0
DA:817,0
DA:818,0
DA:822,0
DA:823,0
DA:824,0
DA:827,0
DA:829,0
DA:847,0
DA:850,0
DA:852,0
DA:854,0
DA:855,0
DA:857,0
DA:858,0
DA:879,6
DA:882,18
DA:884,6
DA:886,6
DA:887,12
DA:888,0
DA:890,24
DA:895,0
DA:896,0
DA:897,0
DA:900,0
DA:901,0
DA:902,0
DA:917,0
DA:919,0
DA:921,0
DA:922,0
DA:926,0
DA:949,0
DA:950,0
DA:953,0
DA:955,0
DA:956,0
DA:958,0
DA:959,0
LF:230
LH:58
end_of_record
SF:/root/.pub-cache/hosted/pub.dev/async-2.11.0/lib/src/stream_sink_completer.dart
DA:31,0
DA:40,0
DA:41,0
DA:42,0
DA:43,0
DA:61,0
DA:62,0
DA:63,0
DA:65,0
DA:75,0
DA:76,0
DA:101,0
DA:103,0
DA:105,0
DA:106,0
DA:107,0
DA:108,0
DA:110,0
DA:113,0
DA:115,0
DA:116,0
DA:118,0
DA:122,0
DA:124,0
DA:125,0
DA:127,0
DA:131,0
DA:133,0
DA:135,0
DA:138,0
DA:140,0
DA:141,0
DA:143,0
DA:145,0
DA:149,0
DA:150,0
DA:159,0
DA:160,0
DA:161,0
DA:165,0
DA:169,0
DA:170,0
DA:171,0
DA:176,0
DA:177,0
LF:45
LH:0
end_of_record
SF:/root/.pub-cache/hosted/pub.dev/async-2.11.0/lib/src/stream_sink_extensions.dart
DA:13,0
DA:14,0
DA:21,0
LF:3
LH:0
end_of_record
SF:/root/.pub-cache/hosted/pub.dev/async-2.11.0/lib/src/stream_sink_transformer.dart
DA:36,0
DA:40,0
DA:56,0
DA:60,0
DA:62,0
LF:5
LH:0
end_of_record
SF:/root/.pub-cache/hosted/pub.dev/async-2.11.0/lib/src/stream_splitter.dart
DA:60,0
DA:62,0
DA:63,0
DA:64,0
DA:68,0
DA:73,0
DA:74,0
DA:75,0
DA:78,0
DA:79,0
DA:80,0
DA:82,0
DA:83,0
DA:86,0
DA:87,0
DA:89,0
DA:92,0
DA:104,0
DA:105,0
DA:106,0
DA:108,0
DA:109,0
DA:111,0
DA:124,0
DA:125,0
DA:126,0
DA:129,0
DA:130,0
DA:131,0
DA:138,0
DA:139,0
DA:141,0
DA:145,0
DA:147,0
DA:148,0
DA:153,0
DA:154,0
DA:155,0
DA:161,0
DA:162,0
DA:171,0
DA:172,0
DA:173,0
DA:175,0
DA:176,0
DA:178,0
DA:185,0
DA:186,0
DA:187,0
DA:188,0
DA:193,0
DA:194,0
DA:195,0
DA:196,0
DA:201,0
DA:202,0
DA:203,0
DA:204,0
LF:58
LH:0
end_of_record
SF:/root/.pub-cache/hosted/pub.dev/async-2.11.0/lib/src/stream_subscription_transformer.dart
DA:30,0
DA:34,0
DA:35,0
DA:36,0
DA:37,0
DA:39,0
DA:40,0
DA:43,0
DA:44,0
DA:64,0
DA:65,0
DA:67,0
DA:70,0
DA:72,0
DA:75,0
DA:77,0
DA:80,0
DA:82,0
DA:85,0
DA:86,0
DA:87,0
DA:88,0
DA:89,0
DA:92,0
DA:93,0
DA:94,0
DA:98,0
DA:100,0
DA:101,0
DA:102,0
DA:105,0
DA:107,0
DA:108,0
DA:111,0
DA:113,0
LF:35
LH:0
end_of_record
SF:/root/.pub-cache/hosted/pub.dev/async-2.11.0/lib/src/stream_zip.dart
DA:18,0
DA:20,0
DA:24,0
DA:30,0
DA:31,0
DA:32,0
DA:33,0
DA:34,0
DA:35,0
DA:37,0
DA:38,0
DA:40,0
DA:42,0
DA:49,0
DA:50,0
DA:57,0
DA:58,0
DA:59,0
DA:61,0
DA:64,0
DA:65,0
DA:66,0
DA:68,0
DA:72,0
DA:73,0
DA:74,0
DA:75,0
DA:82,0
DA:83,0
DA:88,0
DA:90,0
DA:91,0
DA:95,0
DA:97,0
DA:98,0
DA:99,0
DA:101,0
DA:102,0
DA:104,0
DA:108,0
DA:109,0
DA:111,0
LF:42
LH:0
end_of_record
SF:/root/.pub-cache/hosted/pub.dev/async-2.11.0/lib/src/subscription_stream.dart
DA:32,6
DA:34,6
DA:35,6
DA:37,6
DA:38,6
DA:39,6
DA:42,6
DA:45,6
DA:47,0
DA:49,6
DA:50,6
DA:53,0
DA:55,6
DA:56,6
DA:57,6
DA:58,6
DA:71,0
DA:73,0
DA:76,0
DA:78,0
DA:79,0
DA:80,0
DA:82,0
LF:23
LH:14
end_of_record
SF:/root/.pub-cache/hosted/pub.dev/async-2.11.0/lib/src/typed_stream_transformer.dart
DA:13,0
DA:16,0
DA:18,0
DA:25,0
DA:27,0
DA:28,0
LF:6
LH:0
end_of_record
SF:/root/.pub-cache/hosted/pub.dev/async-2.11.0/lib/src/typed/stream_subscription.dart
DA:10,0
DA:11,0
DA:13,0
DA:15,0
DA:17,0
DA:18,0
DA:21,0
DA:23,0
DA:26,0
DA:28,0
DA:31,0
DA:33,0
DA:36,0
DA:38,0
DA:41,0
DA:42,0
DA:44,0
DA:46,0
LF:18
LH:0
end_of_record
SF:/root/.pub-cache/hosted/pub.dev/async-2.11.0/lib/src/result/capture_sink.dart
DA:13,0
DA:15,0
DA:17,0
DA:20,0
DA:22,0
DA:25,0
DA:27,0
LF:7
LH:0
end_of_record
SF:/root/.pub-cache/hosted/pub.dev/async-2.11.0/lib/src/result/capture_transformer.dart
DA:15,6
DA:17,0
DA:19,0
LF:3
LH:1
end_of_record
SF:/root/.pub-cache/hosted/pub.dev/async-2.11.0/lib/src/result/release_sink.dart
DA:13,0
DA:15,0
DA:17,0
DA:20,0
DA:24,0
DA:27,0
DA:29,0
LF:7
LH:0
end_of_record
SF:/root/.pub-cache/hosted/pub.dev/async-2.11.0/lib/src/result/release_transformer.dart
DA:12,6
DA:14,0
DA:16,0
DA:20,0
LF:4
LH:1
end_of_record
SF:/root/.pub-cache/hosted/pub.dev/async-2.11.0/lib/src/stream_sink_transformer/reject_errors.dart
DA:12,0
DA:13,0
DA:31,0
DA:33,0
DA:34,0
DA:35,0
DA:36,0
DA:37,0
DA:38,0
DA:39,0
DA:52,0
DA:54,0
DA:56,0
DA:57,0
DA:58,0
DA:60,0
DA:62,0
DA:65,0
DA:67,0
DA:68,0
DA:69,0
DA:71,0
DA:73,0
DA:80,0
DA:81,0
DA:82,0
DA:86,0
DA:89,0
DA:91,0
DA:92,0
DA:93,0
DA:95,0
DA:97,0
DA:98,0
DA:99,0
DA:100,0
DA:101,0
DA:102,0
DA:106,0
DA:108,0
DA:109,0
DA:112,0
DA:113,0
DA:115,0
DA:117,0
DA:119,0
DA:124,0
DA:125,0
DA:126,0
DA:127,0
DA:128,0
LF:51
LH:0
end_of_record
SF:/root/.pub-cache/hosted/pub.dev/async-2.11.0/lib/src/stream_sink_transformer/handler_transformer.dart
DA:30,0
DA:32,0
DA:33,0
DA:48,0
DA:49,0
DA:51,0
DA:53,0
DA:55,0
DA:57,0
DA:59,0
DA:61,0
DA:65,0
DA:67,0
DA:69,0
DA:71,0
DA:72,0
DA:76,0
DA:78,0
DA:79,0
DA:80,0
DA:81,0
DA:85,0
DA:87,0
DA:88,0
DA:90,0
DA:91,0
DA:101,0
DA:103,0
DA:104,0
DA:108,0
DA:109,0
LF:31
LH:0
end_of_record
SF:/root/.pub-cache/hosted/pub.dev/async-2.11.0/lib/src/stream_sink_transformer/stream_transformer_wrapper.dart
DA:14,6
DA:16,0
DA:18,0
DA:32,0
DA:33,0
DA:35,0
DA:37,0
DA:38,0
DA:39,0
DA:43,0
DA:47,0
DA:49,0
DA:52,0
DA:54,0
DA:57,0
DA:58,0
DA:60,0
DA:62,0
DA:63,0
LF:19
LH:1
end_of_record
SF:/root/.pub-cache/hosted/pub.dev/async-2.11.0/lib/src/stream_sink_transformer/typed.dart
DA:15,0
DA:17,0
DA:18,0
DA:19,0
LF:4
LH:0
end_of_record
SF:/app/s2geometry_dart/test/hilbert_curve_test.dart
DA:3,1
DA:4,2
DA:5,2
DA:6,1
DA:7,3
DA:10,2
DA:11,1
DA:12,3
DA:15,2
DA:16,4
LF:10
LH:10
end_of_record
SF:/app/s2geometry_dart/test/ij_test.dart
DA:4,1
DA:5,2
DA:6,2
DA:7,4
DA:8,4
DA:9,4
DA:10,4
DA:14,2
DA:15,2
DA:16,5
DA:17,5
DA:18,5
DA:19,5
DA:23,2
DA:24,2
DA:25,1
DA:26,1
DA:27,2
DA:29,1
DA:30,1
DA:31,2
DA:33,1
DA:34,1
DA:35,2
LF:24
LH:24
end_of_record
SF:/app/s2geometry_dart/test/s2geometry_test.dart
DA:5,1
DA:6,2
DA:7,2
DA:8,1
DA:9,3
DA:10,4
DA:11,3
DA:14,2
DA:15,1
DA:16,3
DA:17,4
DA:18,3
DA:22,2
DA:23,2
DA:24,1
DA:25,3
DA:28,2
DA:29,2
DA:30,3
DA:33,2
DA:34,2
DA:35,1
DA:36,2
DA:39,2
DA:40,2
DA:41,1
DA:42,3
DA:43,3
DA:46,2
DA:47,2
DA:48,1
DA:49,2
DA:52,2
DA:53,2
DA:54,1
DA:55,3
DA:56,3
DA:59,2
DA:61,1
DA:63,2
DA:66,2
DA:69,1
DA:70,1
DA:71,3
DA:72,3
DA:75,2
DA:77,1
DA:78,2
DA:81,2
DA:82,1
DA:84,2
DA:87,2
DA:88,1
DA:90,1
DA:91,1
DA:92,3
DA:93,3
DA:96,2
DA:100,1
DA:101,2
DA:104,2
DA:107,2
DA:110,2
DA:113,2
DA:116,2
DA:120,2
DA:123,2
DA:125,1
DA:127,2
LF:69
LH:69
end_of_record
SF:/app/s2geometry_dart/test/st_uv_test.dart
DA:4,1
DA:5,2
DA:6,2
DA:7,4
DA:8,4
DA:9,3
DA:10,3
DA:11,3
DA:14,2
DA:15,6
DA:16,6
DA:17,8
DA:18,7
DA:21,2
DA:22,3
DA:23,3
DA:24,3
DA:25,3
DA:26,3
DA:29,2
DA:30,6
DA:31,7
DA:32,6
DA:33,6
DA:34,7
LF:25
LH:25
end_of_record
SF:/app/s2geometry_dart/test/latlng_s2point_test.dart
DA:4,1
DA:6,2
DA:8,2
DA:9,1
DA:10,2
DA:11,2
DA:14,2
DA:15,3
DA:16,3
DA:19,2
DA:20,1
DA:21,2
DA:22,2
DA:25,2
DA:26,1
DA:27,2
DA:28,3
DA:31,2
DA:32,3
DA:33,3
DA:34,2
DA:37,2
DA:38,1
DA:39,2
DA:40,3
DA:43,2
DA:44,3
DA:45,3
DA:46,3
DA:49,2
DA:50,1
DA:51,1
DA:53,3
DA:54,3
DA:55,3
DA:58,2
DA:59,3
DA:60,1
DA:62,3
DA:63,4
DA:64,4
DA:67,2
DA:68,1
DA:69,1
DA:71,3
DA:72,3
DA:75,2
DA:76,3
DA:77,1
DA:79,4
DA:80,4
LF:51
LH:51
end_of_record
